2025-10-23 14:11:32,046 [INFO] WebApp:194 - Connection lost
2025-10-23 14:11:32,364 [INFO] WebApp:191 - Connection restablished
2025-10-23 14:11:33,990 [INFO] WebApp:194 - Connection lost
2025-10-23 14:11:34,208 [INFO] WebApp:191 - Connection restablished
2025-10-23 14:13:19,869 [INFO] WebApp:194 - Connection lost
2025-10-23 14:13:20,068 [INFO] WebApp:191 - Connection restablished
2025-10-23 15:40:32,578 [INFO] CheckServerUpdateThread:120 - End of CheckServer Thread
2025-10-23 17:32:52,570 [INFO] NvicIntPanel:101 - NVIC parent = com.st.microxplorer.plugins.ip.nvic.MultiNvicIntPanel[,0,0,450x369,layout=javax.swing.BoxLayout,alignmentX=0.0,alignmentY=0.0,border=,flags=9,maximumSize=,minimumSize=,preferredSize=]
2025-10-23 17:32:54,111 [INFO] NvicIntPanel:101 - NVIC parent = com.st.microxplorer.plugins.ip.nvic.MultiNvicIntPanel[,0,0,0x0,invalid,layout=javax.swing.BoxLayout,alignmentX=0.0,alignmentY=0.0,border=,flags=9,maximumSize=,minimumSize=,preferredSize=]
2025-10-23 17:33:25,394 [INFO] UtilMem:75 - End SaveConfig() Used Memory: 426016248 Bytes (849346560)
2025-10-23 17:33:25,543 [INFO] UtilMem:75 - End SaveConfig() Used Memory: 442147592 Bytes (849346560)
2025-10-23 17:33:30,894 [INFO] UtilMem:75 - End SaveConfig() Used Memory: 535068384 Bytes (849346560)
2025-10-23 17:33:31,540 [INFO] BlockDiagram:2775 - set Specific Code input for plugin: SEQUENCER
2025-10-23 17:33:31,540 [INFO] BlockDiagram:2775 - set Specific Code input for plugin: ADV_TRACE
2025-10-23 17:33:31,541 [INFO] BlockDiagram:2775 - set Specific Code input for plugin: SUBGHZ
2025-10-23 17:33:31,541 [INFO] BlockDiagram:2775 - set Specific Code input for plugin: TIM1_8WL5
2025-10-23 17:33:31,542 [INFO] BlockDiagram:2775 - set Specific Code input for plugin: SYS
2025-10-23 17:33:31,542 [INFO] BlockDiagram:2775 - set Specific Code input for plugin: RCC
2025-10-23 17:33:31,545 [INFO] BlockDiagram:2775 - set Specific Code input for plugin: TINY_LPM
2025-10-23 17:33:31,545 [INFO] BlockDiagram:2775 - set Specific Code input for plugin: RTC
2025-10-23 17:33:31,545 [INFO] BlockDiagram:2775 - set Specific Code input for plugin: NVIC
2025-10-23 17:33:31,546 [INFO] BlockDiagram:2775 - set Specific Code input for plugin: MISC
2025-10-23 17:33:31,546 [INFO] BlockDiagram:2775 - set Specific Code input for plugin: USART
2025-10-23 17:33:31,546 [INFO] BlockDiagram:2775 - set Specific Code input for plugin: TIMER
2025-10-23 17:33:31,547 [INFO] BlockDiagram:2775 - set Specific Code input for plugin: GPIO
2025-10-23 17:33:31,547 [INFO] BlockDiagram:2775 - set Specific Code input for plugin: SubGHz_Phy
2025-10-23 17:33:31,548 [INFO] CodeGenerator:892 - code generatio: config db path: C:\ST\STM32CubeIDE_1.19.0\STM32CubeIDE\plugins\com.st.stm32cube.common.mx_6.15.0.202507011659\\db\
2025-10-23 17:33:31,568 [WARN] IP:2250 - OutPut1 not found: check if there is a RefParameter without a condition.
2025-10-23 17:33:31,568 [WARN] IP:2250 - OutPut2 not found: check if there is a RefParameter without a condition.
2025-10-23 17:33:31,568 [WARN] IP:2250 - OutPut3 not found: check if there is a RefParameter without a condition.
2025-10-23 17:33:31,568 [WARN] IP:2250 - BinMixBcdU not found: check if there is a RefParameter without a condition.
2025-10-23 17:33:31,569 [WARN] IP:2250 - SSRU_Underflow_Interrupt not found: check if there is a RefParameter without a condition.
2025-10-23 17:33:31,569 [WARN] IP:2250 - SSRU_Underflow_Interrupt not found: check if there is a RefParameter without a condition.
2025-10-23 17:33:31,569 [WARN] IP:2250 - BinMixBcdU not found: check if there is a RefParameter without a condition.
2025-10-23 17:33:31,570 [WARN] IP:2250 - OutPut1 not found: check if there is a RefParameter without a condition.
2025-10-23 17:33:31,571 [WARN] IP:2250 - OutPut2 not found: check if there is a RefParameter without a condition.
2025-10-23 17:33:31,571 [WARN] IP:2250 - OutPut3 not found: check if there is a RefParameter without a condition.
2025-10-23 17:33:31,571 [WARN] IP:2250 - BinMixBcdU not found: check if there is a RefParameter without a condition.
2025-10-23 17:33:31,571 [WARN] IP:2250 - SSRU_Underflow_Interrupt not found: check if there is a RefParameter without a condition.
2025-10-23 17:33:31,571 [WARN] IP:2250 - BinaryAutoClr_A not found: check if there is a RefParameter without a condition.
2025-10-23 17:33:31,576 [WARN] IP:2250 - UTIL_SEQ_EN_M0 not found: check if there is a RefParameter without a condition.
2025-10-23 17:33:31,721 [INFO] CodeEngine:265 - oldGeneratedFile, C:\Users\DELL_KM\Desktop\LoRa_RTC\Code\LoRa_RTC\MXTmpFiles\license.tmp_save
2025-10-23 17:33:32,172 [INFO] CodeEngine:289 - Generated code: C:\Users\DELL_KM\Desktop\LoRa_RTC\Code\LoRa_RTC\MXTmpFiles\license.tmp
2025-10-23 17:33:32,220 [INFO] CodeEngine:265 - oldGeneratedFile, C:\Users\DELL_KM\Desktop\LoRa_RTC\Code\LoRa_RTC\MXTmpFiles\gpio.tmp_save
2025-10-23 17:33:32,428 [INFO] CodeEngine:289 - Generated code: C:\Users\DELL_KM\Desktop\LoRa_RTC\Code\LoRa_RTC\MXTmpFiles\gpio.tmp
2025-10-23 17:33:32,474 [WARN] IP:2250 - OutPut1 not found: check if there is a RefParameter without a condition.
2025-10-23 17:33:32,474 [WARN] IP:2250 - OutPut2 not found: check if there is a RefParameter without a condition.
2025-10-23 17:33:32,474 [WARN] IP:2250 - OutPut3 not found: check if there is a RefParameter without a condition.
2025-10-23 17:33:32,475 [WARN] IP:2250 - BinMixBcdU not found: check if there is a RefParameter without a condition.
2025-10-23 17:33:32,475 [WARN] IP:2250 - SSRU_Underflow_Interrupt not found: check if there is a RefParameter without a condition.
2025-10-23 17:33:32,475 [WARN] IP:2250 - SSRU_Underflow_Interrupt not found: check if there is a RefParameter without a condition.
2025-10-23 17:33:32,475 [WARN] IP:2250 - BinMixBcdU not found: check if there is a RefParameter without a condition.
2025-10-23 17:33:32,667 [INFO] Middleware:1452 - No code input for Bsp Dependency
2025-10-23 17:33:32,681 [INFO] Middleware:1452 - No code input for Bsp Dependency
2025-10-23 17:33:32,699 [INFO] CodeEngine:265 - oldGeneratedFile, C:\Users\DELL_KM\Desktop\LoRa_RTC\Code\LoRa_RTC\Core\Inc\platform.h_save
2025-10-23 17:33:32,849 [INFO] CodeEngine:289 - Generated code: C:\Users\DELL_KM\Desktop\LoRa_RTC\Code\LoRa_RTC\Core\Inc\platform.h
2025-10-23 17:33:32,864 [INFO] CodeEngine:265 - oldGeneratedFile, C:\Users\DELL_KM\Desktop\LoRa_RTC\Code\LoRa_RTC\Core\Inc\stm32_lpm_if.h_save
2025-10-23 17:33:33,000 [INFO] CodeEngine:289 - Generated code: C:\Users\DELL_KM\Desktop\LoRa_RTC\Code\LoRa_RTC\Core\Inc\stm32_lpm_if.h
2025-10-23 17:33:33,022 [INFO] CodeEngine:265 - oldGeneratedFile, C:\Users\DELL_KM\Desktop\LoRa_RTC\Code\LoRa_RTC\Core\Inc\sys_app.h_save
2025-10-23 17:33:33,149 [INFO] CodeEngine:289 - Generated code: C:\Users\DELL_KM\Desktop\LoRa_RTC\Code\LoRa_RTC\Core\Inc\sys_app.h
2025-10-23 17:33:33,168 [INFO] CodeEngine:265 - oldGeneratedFile, C:\Users\DELL_KM\Desktop\LoRa_RTC\Code\LoRa_RTC\Core\Inc\utilities_conf.h_save
2025-10-23 17:33:33,287 [INFO] CodeEngine:289 - Generated code: C:\Users\DELL_KM\Desktop\LoRa_RTC\Code\LoRa_RTC\Core\Inc\utilities_conf.h
2025-10-23 17:33:33,301 [INFO] CodeEngine:265 - oldGeneratedFile, C:\Users\DELL_KM\Desktop\LoRa_RTC\Code\LoRa_RTC\Core\Inc\utilities_def.h_save
2025-10-23 17:33:33,407 [INFO] CodeEngine:289 - Generated code: C:\Users\DELL_KM\Desktop\LoRa_RTC\Code\LoRa_RTC\Core\Inc\utilities_def.h
2025-10-23 17:33:33,426 [INFO] CodeEngine:265 - oldGeneratedFile, C:\Users\DELL_KM\Desktop\LoRa_RTC\Code\LoRa_RTC\Core\Src\stm32_lpm_if.c_save
2025-10-23 17:33:33,530 [INFO] CodeEngine:289 - Generated code: C:\Users\DELL_KM\Desktop\LoRa_RTC\Code\LoRa_RTC\Core\Src\stm32_lpm_if.c
2025-10-23 17:33:33,548 [INFO] CodeEngine:265 - oldGeneratedFile, C:\Users\DELL_KM\Desktop\LoRa_RTC\Code\LoRa_RTC\Core\Src\sys_app.c_save
2025-10-23 17:33:33,667 [INFO] CodeEngine:289 - Generated code: C:\Users\DELL_KM\Desktop\LoRa_RTC\Code\LoRa_RTC\Core\Src\sys_app.c
2025-10-23 17:33:33,686 [INFO] CodeEngine:265 - oldGeneratedFile, C:\Users\DELL_KM\Desktop\LoRa_RTC\Code\LoRa_RTC\SubGHz_Phy\App\app_subghz_phy.c_save
2025-10-23 17:33:33,785 [INFO] CodeEngine:289 - Generated code: C:\Users\DELL_KM\Desktop\LoRa_RTC\Code\LoRa_RTC\SubGHz_Phy\App\app_subghz_phy.c
2025-10-23 17:33:33,805 [INFO] CodeEngine:265 - oldGeneratedFile, C:\Users\DELL_KM\Desktop\LoRa_RTC\Code\LoRa_RTC\SubGHz_Phy\App\app_subghz_phy.h_save
2025-10-23 17:33:33,904 [INFO] CodeEngine:289 - Generated code: C:\Users\DELL_KM\Desktop\LoRa_RTC\Code\LoRa_RTC\SubGHz_Phy\App\app_subghz_phy.h
2025-10-23 17:33:33,924 [INFO] CodeEngine:265 - oldGeneratedFile, C:\Users\DELL_KM\Desktop\LoRa_RTC\Code\LoRa_RTC\SubGHz_Phy\App\subghz_phy_app.c_save
2025-10-23 17:33:34,047 [INFO] CodeEngine:289 - Generated code: C:\Users\DELL_KM\Desktop\LoRa_RTC\Code\LoRa_RTC\SubGHz_Phy\App\subghz_phy_app.c
2025-10-23 17:33:34,068 [INFO] CodeEngine:265 - oldGeneratedFile, C:\Users\DELL_KM\Desktop\LoRa_RTC\Code\LoRa_RTC\SubGHz_Phy\App\subghz_phy_app.h_save
2025-10-23 17:33:34,172 [INFO] CodeEngine:289 - Generated code: C:\Users\DELL_KM\Desktop\LoRa_RTC\Code\LoRa_RTC\SubGHz_Phy\App\subghz_phy_app.h
2025-10-23 17:33:34,190 [INFO] CodeEngine:265 - oldGeneratedFile, C:\Users\DELL_KM\Desktop\LoRa_RTC\Code\LoRa_RTC\SubGHz_Phy\App\app_version.h_save
2025-10-23 17:33:34,287 [INFO] CodeEngine:289 - Generated code: C:\Users\DELL_KM\Desktop\LoRa_RTC\Code\LoRa_RTC\SubGHz_Phy\App\app_version.h
2025-10-23 17:33:34,305 [INFO] CodeEngine:265 - oldGeneratedFile, C:\Users\DELL_KM\Desktop\LoRa_RTC\Code\LoRa_RTC\SubGHz_Phy\Target\mw_log_conf.h_save
2025-10-23 17:33:34,413 [INFO] CodeEngine:289 - Generated code: C:\Users\DELL_KM\Desktop\LoRa_RTC\Code\LoRa_RTC\SubGHz_Phy\Target\mw_log_conf.h
2025-10-23 17:33:34,428 [INFO] CodeEngine:265 - oldGeneratedFile, C:\Users\DELL_KM\Desktop\LoRa_RTC\Code\LoRa_RTC\SubGHz_Phy\Target\radio_board_if.c_save
2025-10-23 17:33:34,527 [INFO] CodeEngine:289 - Generated code: C:\Users\DELL_KM\Desktop\LoRa_RTC\Code\LoRa_RTC\SubGHz_Phy\Target\radio_board_if.c
2025-10-23 17:33:34,547 [INFO] CodeEngine:265 - oldGeneratedFile, C:\Users\DELL_KM\Desktop\LoRa_RTC\Code\LoRa_RTC\SubGHz_Phy\Target\radio_board_if.h_save
2025-10-23 17:33:34,643 [INFO] CodeEngine:289 - Generated code: C:\Users\DELL_KM\Desktop\LoRa_RTC\Code\LoRa_RTC\SubGHz_Phy\Target\radio_board_if.h
2025-10-23 17:33:34,661 [INFO] CodeEngine:265 - oldGeneratedFile, C:\Users\DELL_KM\Desktop\LoRa_RTC\Code\LoRa_RTC\SubGHz_Phy\Target\radio_conf.h_save
2025-10-23 17:33:34,754 [INFO] CodeEngine:289 - Generated code: C:\Users\DELL_KM\Desktop\LoRa_RTC\Code\LoRa_RTC\SubGHz_Phy\Target\radio_conf.h
2025-10-23 17:33:34,771 [INFO] CodeEngine:265 - oldGeneratedFile, C:\Users\DELL_KM\Desktop\LoRa_RTC\Code\LoRa_RTC\SubGHz_Phy\Target\timer.h_save
2025-10-23 17:33:34,865 [INFO] CodeEngine:289 - Generated code: C:\Users\DELL_KM\Desktop\LoRa_RTC\Code\LoRa_RTC\SubGHz_Phy\Target\timer.h
2025-10-23 17:33:34,882 [INFO] CodeEngine:265 - oldGeneratedFile, C:\Users\DELL_KM\Desktop\LoRa_RTC\Code\LoRa_RTC\Core\Inc\timer_if.h_save
2025-10-23 17:33:34,978 [INFO] CodeEngine:289 - Generated code: C:\Users\DELL_KM\Desktop\LoRa_RTC\Code\LoRa_RTC\Core\Inc\timer_if.h
2025-10-23 17:33:34,992 [INFO] CodeEngine:265 - oldGeneratedFile, C:\Users\DELL_KM\Desktop\LoRa_RTC\Code\LoRa_RTC\Core\Src\timer_if.c_save
2025-10-23 17:33:35,105 [INFO] CodeEngine:289 - Generated code: C:\Users\DELL_KM\Desktop\LoRa_RTC\Code\LoRa_RTC\Core\Src\timer_if.c
2025-10-23 17:33:35,118 [INFO] CodeEngine:265 - oldGeneratedFile, C:\Users\DELL_KM\Desktop\LoRa_RTC\Code\LoRa_RTC\Core\Src\stm32_adv_trace_if.c_save
2025-10-23 17:33:35,209 [INFO] CodeEngine:289 - Generated code: C:\Users\DELL_KM\Desktop\LoRa_RTC\Code\LoRa_RTC\Core\Src\stm32_adv_trace_if.c
2025-10-23 17:33:35,222 [INFO] CodeEngine:265 - oldGeneratedFile, C:\Users\DELL_KM\Desktop\LoRa_RTC\Code\LoRa_RTC\Core\Inc\stm32_adv_trace_if.h_save
2025-10-23 17:33:35,313 [INFO] CodeEngine:289 - Generated code: C:\Users\DELL_KM\Desktop\LoRa_RTC\Code\LoRa_RTC\Core\Inc\stm32_adv_trace_if.h
2025-10-23 17:33:35,344 [INFO] CodeEngine:265 - oldGeneratedFile, C:\Users\DELL_KM\Desktop\LoRa_RTC\Code\LoRa_RTC\Core\Src\stm32wlxx_it.c_save
2025-10-23 17:33:35,712 [INFO] CodeEngine:289 - Generated code: C:\Users\DELL_KM\Desktop\LoRa_RTC\Code\LoRa_RTC\Core\Src\stm32wlxx_it.c
2025-10-23 17:33:35,723 [INFO] CodeEngine:265 - oldGeneratedFile, C:\Users\DELL_KM\Desktop\LoRa_RTC\Code\LoRa_RTC\Core\Inc\stm32wlxx_it.h_save
2025-10-23 17:33:35,830 [INFO] CodeEngine:289 - Generated code: C:\Users\DELL_KM\Desktop\LoRa_RTC\Code\LoRa_RTC\Core\Inc\stm32wlxx_it.h
2025-10-23 17:33:35,888 [INFO] CodeEngine:265 - oldGeneratedFile, C:\Users\DELL_KM\Desktop\LoRa_RTC\Code\LoRa_RTC\Core\Src\stm32wlxx_hal_msp.c_save
2025-10-23 17:33:36,081 [INFO] CodeEngine:289 - Generated code: C:\Users\DELL_KM\Desktop\LoRa_RTC\Code\LoRa_RTC\Core\Src\stm32wlxx_hal_msp.c
2025-10-23 17:33:36,093 [INFO] CodeEngine:265 - oldGeneratedFile, C:\Users\DELL_KM\Desktop\LoRa_RTC\Code\LoRa_RTC\MXTmpFiles\system.tmp_save
2025-10-23 17:33:36,181 [INFO] CodeEngine:289 - Generated code: C:\Users\DELL_KM\Desktop\LoRa_RTC\Code\LoRa_RTC\MXTmpFiles\system.tmp
2025-10-23 17:33:36,207 [INFO] CodeEngine:321 - oldGeneratedFile, C:\Users\DELL_KM\Desktop\LoRa_RTC\Code\LoRa_RTC\Core\Inc\stm32wlxx_hal_conf.h_save
2025-10-23 17:33:36,305 [INFO] CodeEngine:345 - Generated code: C:\Users\DELL_KM\Desktop\LoRa_RTC\Code\LoRa_RTC\Core\Inc\stm32wlxx_hal_conf.h
2025-10-23 17:33:36,331 [WARN] IPConfigManager:3811 - IP not found : TIM
2025-10-23 17:33:36,332 [WARN] CodeGenerator:4259 - IP not found : null
2025-10-23 17:33:36,347 [INFO] CodeEngine:265 - oldGeneratedFile, C:\Users\DELL_KM\Desktop\LoRa_RTC\Code\LoRa_RTC\Core\Inc\main.h_save
2025-10-23 17:33:36,472 [INFO] CodeEngine:289 - Generated code: C:\Users\DELL_KM\Desktop\LoRa_RTC\Code\LoRa_RTC\Core\Inc\main.h
2025-10-23 17:33:36,484 [INFO] CodeEngine:265 - oldGeneratedFile, C:\Users\DELL_KM\Desktop\LoRa_RTC\Code\LoRa_RTC\Core\Src\main.c_save
2025-10-23 17:33:36,654 [INFO] CodeEngine:289 - Generated code: C:\Users\DELL_KM\Desktop\LoRa_RTC\Code\LoRa_RTC\Core\Src\main.c
2025-10-23 17:33:37,443 [INFO] ProjectBuilder:3606 - Time for Copy HAL[1] : 458mS.
2025-10-23 17:33:37,459 [INFO] ProjectBuilder:5216 - Project Generator version: 4.7.0-B52
2025-10-23 17:33:37,594 [INFO] ConfigFileManager:1595 - The Die is : DIE497
2025-10-23 17:33:39,992 [INFO] ProjectBuilder:5496 - Time for Generating toolchain IDE Files: 2533mS.
2025-10-23 17:33:39,994 [INFO] ProjectBuilder:3463 - Time for Copy CMSIS : 1mS.
2025-10-23 17:33:40,006 [INFO] ProjectBuilder:3463 - Time for Copy CMSIS : 1mS.
2025-10-23 19:58:57,247 [INFO] WebApp:194 - Connection lost
2025-10-23 19:58:57,895 [INFO] WebApp:191 - Connection restablished
2025-10-23 22:22:25,701 [INFO] UtilMem:75 - End SaveConfig() Used Memory: 325903264 Bytes (849346560)
2025-10-23 22:22:26,502 [INFO] BlockDiagram:2775 - set Specific Code input for plugin: SEQUENCER
2025-10-23 22:22:26,502 [INFO] BlockDiagram:2775 - set Specific Code input for plugin: ADV_TRACE
2025-10-23 22:22:26,503 [INFO] BlockDiagram:2775 - set Specific Code input for plugin: SUBGHZ
2025-10-23 22:22:26,503 [INFO] BlockDiagram:2775 - set Specific Code input for plugin: TIM1_8WL5
2025-10-23 22:22:26,503 [INFO] BlockDiagram:2775 - set Specific Code input for plugin: SYS
2025-10-23 22:22:26,503 [INFO] BlockDiagram:2775 - set Specific Code input for plugin: RCC
2025-10-23 22:22:26,503 [INFO] BlockDiagram:2775 - set Specific Code input for plugin: TINY_LPM
2025-10-23 22:22:26,503 [INFO] BlockDiagram:2775 - set Specific Code input for plugin: RTC
2025-10-23 22:22:26,504 [INFO] BlockDiagram:2775 - set Specific Code input for plugin: NVIC
2025-10-23 22:22:26,504 [INFO] BlockDiagram:2775 - set Specific Code input for plugin: MISC
2025-10-23 22:22:26,504 [INFO] BlockDiagram:2775 - set Specific Code input for plugin: USART
2025-10-23 22:22:26,504 [INFO] BlockDiagram:2775 - set Specific Code input for plugin: TIMER
2025-10-23 22:22:26,505 [INFO] BlockDiagram:2775 - set Specific Code input for plugin: GPIO
2025-10-23 22:22:26,505 [INFO] BlockDiagram:2775 - set Specific Code input for plugin: SubGHz_Phy
2025-10-23 22:22:26,507 [INFO] CodeGenerator:892 - code generatio: config db path: C:\ST\STM32CubeIDE_1.19.0\STM32CubeIDE\plugins\com.st.stm32cube.common.mx_6.15.0.202507011659\\db\
2025-10-23 22:22:26,527 [WARN] IP:2250 - OutPut1 not found: check if there is a RefParameter without a condition.
2025-10-23 22:22:26,527 [WARN] IP:2250 - OutPut2 not found: check if there is a RefParameter without a condition.
2025-10-23 22:22:26,527 [WARN] IP:2250 - OutPut3 not found: check if there is a RefParameter without a condition.
2025-10-23 22:22:26,527 [WARN] IP:2250 - BinMixBcdU not found: check if there is a RefParameter without a condition.
2025-10-23 22:22:26,527 [WARN] IP:2250 - SSRU_Underflow_Interrupt not found: check if there is a RefParameter without a condition.
2025-10-23 22:22:26,538 [WARN] IP:2250 - SSRU_Underflow_Interrupt not found: check if there is a RefParameter without a condition.
2025-10-23 22:22:26,538 [WARN] IP:2250 - BinMixBcdU not found: check if there is a RefParameter without a condition.
2025-10-23 22:22:26,540 [WARN] IP:2250 - OutPut1 not found: check if there is a RefParameter without a condition.
2025-10-23 22:22:26,540 [WARN] IP:2250 - OutPut2 not found: check if there is a RefParameter without a condition.
2025-10-23 22:22:26,540 [WARN] IP:2250 - OutPut3 not found: check if there is a RefParameter without a condition.
2025-10-23 22:22:26,540 [WARN] IP:2250 - BinMixBcdU not found: check if there is a RefParameter without a condition.
2025-10-23 22:22:26,540 [WARN] IP:2250 - SSRU_Underflow_Interrupt not found: check if there is a RefParameter without a condition.
2025-10-23 22:22:26,542 [WARN] IP:2250 - BinaryAutoClr_A not found: check if there is a RefParameter without a condition.
2025-10-23 22:22:26,548 [WARN] IP:2250 - UTIL_SEQ_EN_M0 not found: check if there is a RefParameter without a condition.
2025-10-23 22:22:26,738 [INFO] CodeEngine:265 - oldGeneratedFile, C:\Users\DELL_KM\Desktop\LoRa_RTC\Code\LoRa_RTC\MXTmpFiles\license.tmp_save
2025-10-23 22:22:27,167 [INFO] CodeEngine:289 - Generated code: C:\Users\DELL_KM\Desktop\LoRa_RTC\Code\LoRa_RTC\MXTmpFiles\license.tmp
2025-10-23 22:22:27,209 [INFO] CodeEngine:265 - oldGeneratedFile, C:\Users\DELL_KM\Desktop\LoRa_RTC\Code\LoRa_RTC\MXTmpFiles\gpio.tmp_save
2025-10-23 22:22:27,422 [INFO] CodeEngine:289 - Generated code: C:\Users\DELL_KM\Desktop\LoRa_RTC\Code\LoRa_RTC\MXTmpFiles\gpio.tmp
2025-10-23 22:22:27,475 [WARN] IP:2250 - OutPut1 not found: check if there is a RefParameter without a condition.
2025-10-23 22:22:27,475 [WARN] IP:2250 - OutPut2 not found: check if there is a RefParameter without a condition.
2025-10-23 22:22:27,475 [WARN] IP:2250 - OutPut3 not found: check if there is a RefParameter without a condition.
2025-10-23 22:22:27,476 [WARN] IP:2250 - BinMixBcdU not found: check if there is a RefParameter without a condition.
2025-10-23 22:22:27,476 [WARN] IP:2250 - SSRU_Underflow_Interrupt not found: check if there is a RefParameter without a condition.
2025-10-23 22:22:27,477 [WARN] IP:2250 - SSRU_Underflow_Interrupt not found: check if there is a RefParameter without a condition.
2025-10-23 22:22:27,477 [WARN] IP:2250 - BinMixBcdU not found: check if there is a RefParameter without a condition.
2025-10-23 22:22:27,684 [INFO] Middleware:1452 - No code input for Bsp Dependency
2025-10-23 22:22:27,704 [INFO] Middleware:1452 - No code input for Bsp Dependency
2025-10-23 22:22:27,727 [INFO] CodeEngine:265 - oldGeneratedFile, C:\Users\DELL_KM\Desktop\LoRa_RTC\Code\LoRa_RTC\Core\Inc\platform.h_save
2025-10-23 22:22:27,883 [INFO] CodeEngine:289 - Generated code: C:\Users\DELL_KM\Desktop\LoRa_RTC\Code\LoRa_RTC\Core\Inc\platform.h
2025-10-23 22:22:27,907 [INFO] CodeEngine:265 - oldGeneratedFile, C:\Users\DELL_KM\Desktop\LoRa_RTC\Code\LoRa_RTC\Core\Inc\stm32_lpm_if.h_save
2025-10-23 22:22:28,060 [INFO] CodeEngine:289 - Generated code: C:\Users\DELL_KM\Desktop\LoRa_RTC\Code\LoRa_RTC\Core\Inc\stm32_lpm_if.h
2025-10-23 22:22:28,077 [INFO] CodeEngine:265 - oldGeneratedFile, C:\Users\DELL_KM\Desktop\LoRa_RTC\Code\LoRa_RTC\Core\Inc\sys_app.h_save
2025-10-23 22:22:28,244 [INFO] CodeEngine:289 - Generated code: C:\Users\DELL_KM\Desktop\LoRa_RTC\Code\LoRa_RTC\Core\Inc\sys_app.h
2025-10-23 22:22:28,262 [INFO] CodeEngine:265 - oldGeneratedFile, C:\Users\DELL_KM\Desktop\LoRa_RTC\Code\LoRa_RTC\Core\Inc\utilities_conf.h_save
2025-10-23 22:22:28,405 [INFO] CodeEngine:289 - Generated code: C:\Users\DELL_KM\Desktop\LoRa_RTC\Code\LoRa_RTC\Core\Inc\utilities_conf.h
2025-10-23 22:22:28,425 [INFO] CodeEngine:265 - oldGeneratedFile, C:\Users\DELL_KM\Desktop\LoRa_RTC\Code\LoRa_RTC\Core\Inc\utilities_def.h_save
2025-10-23 22:22:28,575 [INFO] CodeEngine:289 - Generated code: C:\Users\DELL_KM\Desktop\LoRa_RTC\Code\LoRa_RTC\Core\Inc\utilities_def.h
2025-10-23 22:22:28,591 [INFO] CodeEngine:265 - oldGeneratedFile, C:\Users\DELL_KM\Desktop\LoRa_RTC\Code\LoRa_RTC\Core\Src\stm32_lpm_if.c_save
2025-10-23 22:22:28,728 [INFO] CodeEngine:289 - Generated code: C:\Users\DELL_KM\Desktop\LoRa_RTC\Code\LoRa_RTC\Core\Src\stm32_lpm_if.c
2025-10-23 22:22:28,750 [INFO] CodeEngine:265 - oldGeneratedFile, C:\Users\DELL_KM\Desktop\LoRa_RTC\Code\LoRa_RTC\Core\Src\sys_app.c_save
2025-10-23 22:22:28,882 [INFO] CodeEngine:289 - Generated code: C:\Users\DELL_KM\Desktop\LoRa_RTC\Code\LoRa_RTC\Core\Src\sys_app.c
2025-10-23 22:22:28,896 [INFO] CodeEngine:265 - oldGeneratedFile, C:\Users\DELL_KM\Desktop\LoRa_RTC\Code\LoRa_RTC\SubGHz_Phy\App\app_subghz_phy.c_save
2025-10-23 22:22:29,017 [INFO] CodeEngine:289 - Generated code: C:\Users\DELL_KM\Desktop\LoRa_RTC\Code\LoRa_RTC\SubGHz_Phy\App\app_subghz_phy.c
2025-10-23 22:22:29,036 [INFO] CodeEngine:265 - oldGeneratedFile, C:\Users\DELL_KM\Desktop\LoRa_RTC\Code\LoRa_RTC\SubGHz_Phy\App\app_subghz_phy.h_save
2025-10-23 22:22:29,137 [INFO] CodeEngine:289 - Generated code: C:\Users\DELL_KM\Desktop\LoRa_RTC\Code\LoRa_RTC\SubGHz_Phy\App\app_subghz_phy.h
2025-10-23 22:22:29,158 [INFO] CodeEngine:265 - oldGeneratedFile, C:\Users\DELL_KM\Desktop\LoRa_RTC\Code\LoRa_RTC\SubGHz_Phy\App\subghz_phy_app.c_save
2025-10-23 22:22:29,320 [INFO] CodeEngine:289 - Generated code: C:\Users\DELL_KM\Desktop\LoRa_RTC\Code\LoRa_RTC\SubGHz_Phy\App\subghz_phy_app.c
2025-10-23 22:22:29,340 [INFO] CodeEngine:265 - oldGeneratedFile, C:\Users\DELL_KM\Desktop\LoRa_RTC\Code\LoRa_RTC\SubGHz_Phy\App\subghz_phy_app.h_save
2025-10-23 22:22:29,445 [INFO] CodeEngine:289 - Generated code: C:\Users\DELL_KM\Desktop\LoRa_RTC\Code\LoRa_RTC\SubGHz_Phy\App\subghz_phy_app.h
2025-10-23 22:22:29,462 [INFO] CodeEngine:265 - oldGeneratedFile, C:\Users\DELL_KM\Desktop\LoRa_RTC\Code\LoRa_RTC\SubGHz_Phy\App\app_version.h_save
2025-10-23 22:22:29,572 [INFO] CodeEngine:289 - Generated code: C:\Users\DELL_KM\Desktop\LoRa_RTC\Code\LoRa_RTC\SubGHz_Phy\App\app_version.h
2025-10-23 22:22:29,586 [INFO] CodeEngine:265 - oldGeneratedFile, C:\Users\DELL_KM\Desktop\LoRa_RTC\Code\LoRa_RTC\SubGHz_Phy\Target\mw_log_conf.h_save
2025-10-23 22:22:29,703 [INFO] CodeEngine:289 - Generated code: C:\Users\DELL_KM\Desktop\LoRa_RTC\Code\LoRa_RTC\SubGHz_Phy\Target\mw_log_conf.h
2025-10-23 22:22:29,725 [INFO] CodeEngine:265 - oldGeneratedFile, C:\Users\DELL_KM\Desktop\LoRa_RTC\Code\LoRa_RTC\SubGHz_Phy\Target\radio_board_if.c_save
2025-10-23 22:22:29,882 [INFO] CodeEngine:289 - Generated code: C:\Users\DELL_KM\Desktop\LoRa_RTC\Code\LoRa_RTC\SubGHz_Phy\Target\radio_board_if.c
2025-10-23 22:22:29,898 [INFO] CodeEngine:265 - oldGeneratedFile, C:\Users\DELL_KM\Desktop\LoRa_RTC\Code\LoRa_RTC\SubGHz_Phy\Target\radio_board_if.h_save
2025-10-23 22:22:30,038 [INFO] CodeEngine:289 - Generated code: C:\Users\DELL_KM\Desktop\LoRa_RTC\Code\LoRa_RTC\SubGHz_Phy\Target\radio_board_if.h
2025-10-23 22:22:30,062 [INFO] CodeEngine:265 - oldGeneratedFile, C:\Users\DELL_KM\Desktop\LoRa_RTC\Code\LoRa_RTC\SubGHz_Phy\Target\radio_conf.h_save
2025-10-23 22:22:30,190 [INFO] CodeEngine:289 - Generated code: C:\Users\DELL_KM\Desktop\LoRa_RTC\Code\LoRa_RTC\SubGHz_Phy\Target\radio_conf.h
2025-10-23 22:22:30,210 [INFO] CodeEngine:265 - oldGeneratedFile, C:\Users\DELL_KM\Desktop\LoRa_RTC\Code\LoRa_RTC\SubGHz_Phy\Target\timer.h_save
2025-10-23 22:22:30,335 [INFO] CodeEngine:289 - Generated code: C:\Users\DELL_KM\Desktop\LoRa_RTC\Code\LoRa_RTC\SubGHz_Phy\Target\timer.h
2025-10-23 22:22:30,356 [INFO] CodeEngine:265 - oldGeneratedFile, C:\Users\DELL_KM\Desktop\LoRa_RTC\Code\LoRa_RTC\Core\Inc\timer_if.h_save
2025-10-23 22:22:30,459 [INFO] CodeEngine:289 - Generated code: C:\Users\DELL_KM\Desktop\LoRa_RTC\Code\LoRa_RTC\Core\Inc\timer_if.h
2025-10-23 22:22:30,482 [INFO] CodeEngine:265 - oldGeneratedFile, C:\Users\DELL_KM\Desktop\LoRa_RTC\Code\LoRa_RTC\Core\Src\timer_if.c_save
2025-10-23 22:22:30,596 [INFO] CodeEngine:289 - Generated code: C:\Users\DELL_KM\Desktop\LoRa_RTC\Code\LoRa_RTC\Core\Src\timer_if.c
2025-10-23 22:22:30,616 [INFO] CodeEngine:265 - oldGeneratedFile, C:\Users\DELL_KM\Desktop\LoRa_RTC\Code\LoRa_RTC\Core\Src\stm32_adv_trace_if.c_save
2025-10-23 22:22:30,711 [INFO] CodeEngine:289 - Generated code: C:\Users\DELL_KM\Desktop\LoRa_RTC\Code\LoRa_RTC\Core\Src\stm32_adv_trace_if.c
2025-10-23 22:22:30,730 [INFO] CodeEngine:265 - oldGeneratedFile, C:\Users\DELL_KM\Desktop\LoRa_RTC\Code\LoRa_RTC\Core\Inc\stm32_adv_trace_if.h_save
2025-10-23 22:22:30,828 [INFO] CodeEngine:289 - Generated code: C:\Users\DELL_KM\Desktop\LoRa_RTC\Code\LoRa_RTC\Core\Inc\stm32_adv_trace_if.h
2025-10-23 22:22:30,862 [INFO] CodeEngine:265 - oldGeneratedFile, C:\Users\DELL_KM\Desktop\LoRa_RTC\Code\LoRa_RTC\Core\Src\stm32wlxx_it.c_save
2025-10-23 22:22:31,176 [INFO] CodeEngine:289 - Generated code: C:\Users\DELL_KM\Desktop\LoRa_RTC\Code\LoRa_RTC\Core\Src\stm32wlxx_it.c
2025-10-23 22:22:31,190 [INFO] CodeEngine:265 - oldGeneratedFile, C:\Users\DELL_KM\Desktop\LoRa_RTC\Code\LoRa_RTC\Core\Inc\stm32wlxx_it.h_save
2025-10-23 22:22:31,289 [INFO] CodeEngine:289 - Generated code: C:\Users\DELL_KM\Desktop\LoRa_RTC\Code\LoRa_RTC\Core\Inc\stm32wlxx_it.h
2025-10-23 22:22:31,347 [INFO] CodeEngine:265 - oldGeneratedFile, C:\Users\DELL_KM\Desktop\LoRa_RTC\Code\LoRa_RTC\Core\Src\stm32wlxx_hal_msp.c_save
2025-10-23 22:22:31,538 [INFO] CodeEngine:289 - Generated code: C:\Users\DELL_KM\Desktop\LoRa_RTC\Code\LoRa_RTC\Core\Src\stm32wlxx_hal_msp.c
2025-10-23 22:22:31,548 [INFO] CodeEngine:265 - oldGeneratedFile, C:\Users\DELL_KM\Desktop\LoRa_RTC\Code\LoRa_RTC\MXTmpFiles\system.tmp_save
2025-10-23 22:22:31,639 [INFO] CodeEngine:289 - Generated code: C:\Users\DELL_KM\Desktop\LoRa_RTC\Code\LoRa_RTC\MXTmpFiles\system.tmp
2025-10-23 22:22:31,667 [INFO] CodeEngine:321 - oldGeneratedFile, C:\Users\DELL_KM\Desktop\LoRa_RTC\Code\LoRa_RTC\Core\Inc\stm32wlxx_hal_conf.h_save
2025-10-23 22:22:31,765 [INFO] CodeEngine:345 - Generated code: C:\Users\DELL_KM\Desktop\LoRa_RTC\Code\LoRa_RTC\Core\Inc\stm32wlxx_hal_conf.h
2025-10-23 22:22:31,791 [WARN] IPConfigManager:3811 - IP not found : TIM
2025-10-23 22:22:31,797 [WARN] CodeGenerator:4259 - IP not found : null
2025-10-23 22:22:31,812 [INFO] CodeEngine:265 - oldGeneratedFile, C:\Users\DELL_KM\Desktop\LoRa_RTC\Code\LoRa_RTC\Core\Inc\main.h_save
2025-10-23 22:22:31,934 [INFO] CodeEngine:289 - Generated code: C:\Users\DELL_KM\Desktop\LoRa_RTC\Code\LoRa_RTC\Core\Inc\main.h
2025-10-23 22:22:31,951 [INFO] CodeEngine:265 - oldGeneratedFile, C:\Users\DELL_KM\Desktop\LoRa_RTC\Code\LoRa_RTC\Core\Src\main.c_save
2025-10-23 22:22:32,113 [INFO] CodeEngine:289 - Generated code: C:\Users\DELL_KM\Desktop\LoRa_RTC\Code\LoRa_RTC\Core\Src\main.c
2025-10-23 22:22:32,969 [INFO] ProjectBuilder:3606 - Time for Copy HAL[1] : 499mS.
2025-10-23 22:22:32,985 [INFO] ProjectBuilder:5216 - Project Generator version: 4.7.0-B52
2025-10-23 22:22:33,135 [INFO] ConfigFileManager:1595 - The Die is : DIE497
2025-10-23 22:22:35,413 [INFO] ProjectBuilder:5496 - Time for Generating toolchain IDE Files: 2429mS.
2025-10-23 22:22:35,414 [INFO] ProjectBuilder:3463 - Time for Copy CMSIS : 0mS.
2025-10-23 22:22:35,422 [INFO] ProjectBuilder:3463 - Time for Copy CMSIS : 0mS.
2025-10-23 22:25:21,531 [WARN] IP:2250 - OutPut1 not found: check if there is a RefParameter without a condition.
2025-10-23 22:25:21,531 [WARN] IP:2250 - OutPut2 not found: check if there is a RefParameter without a condition.
2025-10-23 22:25:21,531 [WARN] IP:2250 - OutPut3 not found: check if there is a RefParameter without a condition.
2025-10-23 22:25:21,532 [WARN] IP:2250 - BinMixBcdU not found: check if there is a RefParameter without a condition.
2025-10-23 22:25:21,532 [WARN] IP:2250 - SSRU_Underflow_Interrupt not found: check if there is a RefParameter without a condition.
2025-10-23 22:25:21,532 [WARN] IP:2250 - SSRU_Underflow_Interrupt not found: check if there is a RefParameter without a condition.
2025-10-23 22:25:21,532 [WARN] IP:2250 - BinMixBcdU not found: check if there is a RefParameter without a condition.
2025-10-23 22:25:21,534 [WARN] IP:2250 - OutPut1 not found: check if there is a RefParameter without a condition.
2025-10-23 22:25:21,534 [WARN] IP:2250 - OutPut2 not found: check if there is a RefParameter without a condition.
2025-10-23 22:25:21,534 [WARN] IP:2250 - OutPut3 not found: check if there is a RefParameter without a condition.
2025-10-23 22:25:21,534 [WARN] IP:2250 - BinMixBcdU not found: check if there is a RefParameter without a condition.
2025-10-23 22:25:21,534 [WARN] IP:2250 - SSRU_Underflow_Interrupt not found: check if there is a RefParameter without a condition.
2025-10-23 22:25:21,535 [WARN] IP:2250 - BinaryAutoClr_A not found: check if there is a RefParameter without a condition.
2025-10-23 22:25:21,536 [WARN] IP:2250 - OutPut1 not found: check if there is a RefParameter without a condition.
2025-10-23 22:25:21,536 [WARN] IP:2250 - OutPut2 not found: check if there is a RefParameter without a condition.
2025-10-23 22:25:21,536 [WARN] IP:2250 - OutPut3 not found: check if there is a RefParameter without a condition.
2025-10-23 22:25:21,537 [WARN] IP:2250 - BinMixBcdU not found: check if there is a RefParameter without a condition.
2025-10-23 22:25:21,537 [WARN] IP:2250 - SSRU_Underflow_Interrupt not found: check if there is a RefParameter without a condition.
2025-10-23 22:25:21,537 [WARN] IP:2250 - SSRU_Underflow_Interrupt not found: check if there is a RefParameter without a condition.
2025-10-23 22:25:21,537 [WARN] IP:2250 - BinMixBcdU not found: check if there is a RefParameter without a condition.
2025-10-23 22:25:21,538 [WARN] IP:2250 - OutPut1 not found: check if there is a RefParameter without a condition.
2025-10-23 22:25:21,538 [WARN] IP:2250 - OutPut2 not found: check if there is a RefParameter without a condition.
2025-10-23 22:25:21,538 [WARN] IP:2250 - OutPut3 not found: check if there is a RefParameter without a condition.
2025-10-23 22:25:21,538 [WARN] IP:2250 - BinMixBcdU not found: check if there is a RefParameter without a condition.
2025-10-23 22:25:21,538 [WARN] IP:2250 - SSRU_Underflow_Interrupt not found: check if there is a RefParameter without a condition.
2025-10-23 22:25:21,540 [WARN] IP:2250 - BinaryAutoClr_A not found: check if there is a RefParameter without a condition.
2025-10-23 22:25:21,561 [WARN] IP:2250 - UTIL_SEQ_EN_M0 not found: check if there is a RefParameter without a condition.
2025-10-23 22:25:21,565 [WARN] IP:2250 - UTIL_SEQ_EN_M0 not found: check if there is a RefParameter without a condition.
2025-10-23 22:27:31,450 [INFO] NvicIntPanel:101 - NVIC parent = com.st.microxplorer.plugins.ip.nvic.MultiNvicIntPanel[,0,0,450x370,layout=javax.swing.BoxLayout,alignmentX=0.0,alignmentY=0.0,border=,flags=9,maximumSize=,minimumSize=,preferredSize=]
2025-10-23 22:29:20,228 [INFO] UtilMem:75 - End SaveConfig() Used Memory: 492313608 Bytes (849346560)
2025-10-23 22:29:20,495 [INFO] BlockDiagram:2775 - set Specific Code input for plugin: SEQUENCER
2025-10-23 22:29:20,496 [INFO] BlockDiagram:2775 - set Specific Code input for plugin: ADV_TRACE
2025-10-23 22:29:20,498 [INFO] BlockDiagram:2775 - set Specific Code input for plugin: SUBGHZ
2025-10-23 22:29:20,498 [INFO] BlockDiagram:2775 - set Specific Code input for plugin: TIM1_8WL5
2025-10-23 22:29:20,498 [INFO] BlockDiagram:2775 - set Specific Code input for plugin: SYS
2025-10-23 22:29:20,498 [INFO] BlockDiagram:2775 - set Specific Code input for plugin: RCC
2025-10-23 22:29:20,498 [INFO] BlockDiagram:2775 - set Specific Code input for plugin: TINY_LPM
2025-10-23 22:29:20,498 [INFO] BlockDiagram:2775 - set Specific Code input for plugin: RTC
2025-10-23 22:29:20,499 [INFO] BlockDiagram:2775 - set Specific Code input for plugin: NVIC
2025-10-23 22:29:20,499 [INFO] BlockDiagram:2775 - set Specific Code input for plugin: MISC
2025-10-23 22:29:20,499 [INFO] BlockDiagram:2775 - set Specific Code input for plugin: USART
2025-10-23 22:29:20,499 [INFO] BlockDiagram:2775 - set Specific Code input for plugin: TIMER
2025-10-23 22:29:20,500 [INFO] BlockDiagram:2775 - set Specific Code input for plugin: GPIO
2025-10-23 22:29:20,500 [INFO] BlockDiagram:2775 - set Specific Code input for plugin: SubGHz_Phy
2025-10-23 22:29:20,502 [INFO] CodeGenerator:892 - code generatio: config db path: C:\ST\STM32CubeIDE_1.19.0\STM32CubeIDE\plugins\com.st.stm32cube.common.mx_6.15.0.202507011659\\db\
2025-10-23 22:29:20,518 [WARN] IP:2250 - OutPut1 not found: check if there is a RefParameter without a condition.
2025-10-23 22:29:20,518 [WARN] IP:2250 - OutPut2 not found: check if there is a RefParameter without a condition.
2025-10-23 22:29:20,519 [WARN] IP:2250 - OutPut3 not found: check if there is a RefParameter without a condition.
2025-10-23 22:29:20,519 [WARN] IP:2250 - BinMixBcdU not found: check if there is a RefParameter without a condition.
2025-10-23 22:29:20,519 [WARN] IP:2250 - SSRU_Underflow_Interrupt not found: check if there is a RefParameter without a condition.
2025-10-23 22:29:20,520 [WARN] IP:2250 - SSRU_Underflow_Interrupt not found: check if there is a RefParameter without a condition.
2025-10-23 22:29:20,520 [WARN] IP:2250 - BinMixBcdU not found: check if there is a RefParameter without a condition.
2025-10-23 22:29:20,521 [WARN] IP:2250 - OutPut1 not found: check if there is a RefParameter without a condition.
2025-10-23 22:29:20,521 [WARN] IP:2250 - OutPut2 not found: check if there is a RefParameter without a condition.
2025-10-23 22:29:20,521 [WARN] IP:2250 - OutPut3 not found: check if there is a RefParameter without a condition.
2025-10-23 22:29:20,521 [WARN] IP:2250 - BinMixBcdU not found: check if there is a RefParameter without a condition.
2025-10-23 22:29:20,521 [WARN] IP:2250 - SSRU_Underflow_Interrupt not found: check if there is a RefParameter without a condition.
2025-10-23 22:29:20,522 [WARN] IP:2250 - BinaryAutoClr_A not found: check if there is a RefParameter without a condition.
2025-10-23 22:29:20,527 [WARN] IP:2250 - UTIL_SEQ_EN_M0 not found: check if there is a RefParameter without a condition.
2025-10-23 22:29:20,652 [INFO] CodeEngine:265 - oldGeneratedFile, C:\Users\DELL_KM\Desktop\LoRa_RTC\Code\LoRa_RTC\MXTmpFiles\license.tmp_save
2025-10-23 22:29:20,741 [INFO] CodeEngine:289 - Generated code: C:\Users\DELL_KM\Desktop\LoRa_RTC\Code\LoRa_RTC\MXTmpFiles\license.tmp
2025-10-23 22:29:20,771 [INFO] CodeEngine:265 - oldGeneratedFile, C:\Users\DELL_KM\Desktop\LoRa_RTC\Code\LoRa_RTC\MXTmpFiles\gpio.tmp_save
2025-10-23 22:29:20,865 [INFO] CodeEngine:289 - Generated code: C:\Users\DELL_KM\Desktop\LoRa_RTC\Code\LoRa_RTC\MXTmpFiles\gpio.tmp
2025-10-23 22:29:20,901 [WARN] IP:2250 - OutPut1 not found: check if there is a RefParameter without a condition.
2025-10-23 22:29:20,901 [WARN] IP:2250 - OutPut2 not found: check if there is a RefParameter without a condition.
2025-10-23 22:29:20,901 [WARN] IP:2250 - OutPut3 not found: check if there is a RefParameter without a condition.
2025-10-23 22:29:20,901 [WARN] IP:2250 - BinMixBcdU not found: check if there is a RefParameter without a condition.
2025-10-23 22:29:20,901 [WARN] IP:2250 - SSRU_Underflow_Interrupt not found: check if there is a RefParameter without a condition.
2025-10-23 22:29:20,902 [WARN] IP:2250 - SSRU_Underflow_Interrupt not found: check if there is a RefParameter without a condition.
2025-10-23 22:29:20,902 [WARN] IP:2250 - BinMixBcdU not found: check if there is a RefParameter without a condition.
2025-10-23 22:29:21,077 [INFO] Middleware:1452 - No code input for Bsp Dependency
2025-10-23 22:29:21,091 [INFO] Middleware:1452 - No code input for Bsp Dependency
2025-10-23 22:29:21,108 [INFO] CodeEngine:265 - oldGeneratedFile, C:\Users\DELL_KM\Desktop\LoRa_RTC\Code\LoRa_RTC\Core\Inc\platform.h_save
2025-10-23 22:29:21,209 [INFO] CodeEngine:289 - Generated code: C:\Users\DELL_KM\Desktop\LoRa_RTC\Code\LoRa_RTC\Core\Inc\platform.h
2025-10-23 22:29:21,224 [INFO] CodeEngine:265 - oldGeneratedFile, C:\Users\DELL_KM\Desktop\LoRa_RTC\Code\LoRa_RTC\Core\Inc\stm32_lpm_if.h_save
2025-10-23 22:29:21,321 [INFO] CodeEngine:289 - Generated code: C:\Users\DELL_KM\Desktop\LoRa_RTC\Code\LoRa_RTC\Core\Inc\stm32_lpm_if.h
2025-10-23 22:29:21,334 [INFO] CodeEngine:265 - oldGeneratedFile, C:\Users\DELL_KM\Desktop\LoRa_RTC\Code\LoRa_RTC\Core\Inc\sys_app.h_save
2025-10-23 22:29:21,429 [INFO] CodeEngine:289 - Generated code: C:\Users\DELL_KM\Desktop\LoRa_RTC\Code\LoRa_RTC\Core\Inc\sys_app.h
2025-10-23 22:29:21,440 [INFO] CodeEngine:265 - oldGeneratedFile, C:\Users\DELL_KM\Desktop\LoRa_RTC\Code\LoRa_RTC\Core\Inc\utilities_conf.h_save
2025-10-23 22:29:21,546 [INFO] CodeEngine:289 - Generated code: C:\Users\DELL_KM\Desktop\LoRa_RTC\Code\LoRa_RTC\Core\Inc\utilities_conf.h
2025-10-23 22:29:21,558 [INFO] CodeEngine:265 - oldGeneratedFile, C:\Users\DELL_KM\Desktop\LoRa_RTC\Code\LoRa_RTC\Core\Inc\utilities_def.h_save
2025-10-23 22:29:21,650 [INFO] CodeEngine:289 - Generated code: C:\Users\DELL_KM\Desktop\LoRa_RTC\Code\LoRa_RTC\Core\Inc\utilities_def.h
2025-10-23 22:29:21,662 [INFO] CodeEngine:265 - oldGeneratedFile, C:\Users\DELL_KM\Desktop\LoRa_RTC\Code\LoRa_RTC\Core\Src\stm32_lpm_if.c_save
2025-10-23 22:29:21,767 [INFO] CodeEngine:289 - Generated code: C:\Users\DELL_KM\Desktop\LoRa_RTC\Code\LoRa_RTC\Core\Src\stm32_lpm_if.c
2025-10-23 22:29:21,779 [INFO] CodeEngine:265 - oldGeneratedFile, C:\Users\DELL_KM\Desktop\LoRa_RTC\Code\LoRa_RTC\Core\Src\sys_app.c_save
2025-10-23 22:29:21,886 [INFO] CodeEngine:289 - Generated code: C:\Users\DELL_KM\Desktop\LoRa_RTC\Code\LoRa_RTC\Core\Src\sys_app.c
2025-10-23 22:29:21,901 [INFO] CodeEngine:265 - oldGeneratedFile, C:\Users\DELL_KM\Desktop\LoRa_RTC\Code\LoRa_RTC\SubGHz_Phy\App\app_subghz_phy.c_save
2025-10-23 22:29:22,012 [INFO] CodeEngine:289 - Generated code: C:\Users\DELL_KM\Desktop\LoRa_RTC\Code\LoRa_RTC\SubGHz_Phy\App\app_subghz_phy.c
2025-10-23 22:29:22,026 [INFO] CodeEngine:265 - oldGeneratedFile, C:\Users\DELL_KM\Desktop\LoRa_RTC\Code\LoRa_RTC\SubGHz_Phy\App\app_subghz_phy.h_save
2025-10-23 22:29:22,130 [INFO] CodeEngine:289 - Generated code: C:\Users\DELL_KM\Desktop\LoRa_RTC\Code\LoRa_RTC\SubGHz_Phy\App\app_subghz_phy.h
2025-10-23 22:29:22,143 [INFO] CodeEngine:265 - oldGeneratedFile, C:\Users\DELL_KM\Desktop\LoRa_RTC\Code\LoRa_RTC\SubGHz_Phy\App\subghz_phy_app.c_save
2025-10-23 22:29:22,284 [INFO] CodeEngine:289 - Generated code: C:\Users\DELL_KM\Desktop\LoRa_RTC\Code\LoRa_RTC\SubGHz_Phy\App\subghz_phy_app.c
2025-10-23 22:29:22,299 [INFO] CodeEngine:265 - oldGeneratedFile, C:\Users\DELL_KM\Desktop\LoRa_RTC\Code\LoRa_RTC\SubGHz_Phy\App\subghz_phy_app.h_save
2025-10-23 22:29:22,398 [INFO] CodeEngine:289 - Generated code: C:\Users\DELL_KM\Desktop\LoRa_RTC\Code\LoRa_RTC\SubGHz_Phy\App\subghz_phy_app.h
2025-10-23 22:29:22,410 [INFO] CodeEngine:265 - oldGeneratedFile, C:\Users\DELL_KM\Desktop\LoRa_RTC\Code\LoRa_RTC\SubGHz_Phy\App\app_version.h_save
2025-10-23 22:29:22,504 [INFO] CodeEngine:289 - Generated code: C:\Users\DELL_KM\Desktop\LoRa_RTC\Code\LoRa_RTC\SubGHz_Phy\App\app_version.h
2025-10-23 22:29:22,516 [INFO] CodeEngine:265 - oldGeneratedFile, C:\Users\DELL_KM\Desktop\LoRa_RTC\Code\LoRa_RTC\SubGHz_Phy\Target\mw_log_conf.h_save
2025-10-23 22:29:22,607 [INFO] CodeEngine:289 - Generated code: C:\Users\DELL_KM\Desktop\LoRa_RTC\Code\LoRa_RTC\SubGHz_Phy\Target\mw_log_conf.h
2025-10-23 22:29:22,620 [INFO] CodeEngine:265 - oldGeneratedFile, C:\Users\DELL_KM\Desktop\LoRa_RTC\Code\LoRa_RTC\SubGHz_Phy\Target\radio_board_if.c_save
2025-10-23 22:29:22,714 [INFO] CodeEngine:289 - Generated code: C:\Users\DELL_KM\Desktop\LoRa_RTC\Code\LoRa_RTC\SubGHz_Phy\Target\radio_board_if.c
2025-10-23 22:29:22,727 [INFO] CodeEngine:265 - oldGeneratedFile, C:\Users\DELL_KM\Desktop\LoRa_RTC\Code\LoRa_RTC\SubGHz_Phy\Target\radio_board_if.h_save
2025-10-23 22:29:22,834 [INFO] CodeEngine:289 - Generated code: C:\Users\DELL_KM\Desktop\LoRa_RTC\Code\LoRa_RTC\SubGHz_Phy\Target\radio_board_if.h
2025-10-23 22:29:22,845 [INFO] CodeEngine:265 - oldGeneratedFile, C:\Users\DELL_KM\Desktop\LoRa_RTC\Code\LoRa_RTC\SubGHz_Phy\Target\radio_conf.h_save
2025-10-23 22:29:22,939 [INFO] CodeEngine:289 - Generated code: C:\Users\DELL_KM\Desktop\LoRa_RTC\Code\LoRa_RTC\SubGHz_Phy\Target\radio_conf.h
2025-10-23 22:29:22,950 [INFO] CodeEngine:265 - oldGeneratedFile, C:\Users\DELL_KM\Desktop\LoRa_RTC\Code\LoRa_RTC\SubGHz_Phy\Target\timer.h_save
2025-10-23 22:29:23,042 [INFO] CodeEngine:289 - Generated code: C:\Users\DELL_KM\Desktop\LoRa_RTC\Code\LoRa_RTC\SubGHz_Phy\Target\timer.h
2025-10-23 22:29:23,054 [INFO] CodeEngine:265 - oldGeneratedFile, C:\Users\DELL_KM\Desktop\LoRa_RTC\Code\LoRa_RTC\Core\Inc\timer_if.h_save
2025-10-23 22:29:23,150 [INFO] CodeEngine:289 - Generated code: C:\Users\DELL_KM\Desktop\LoRa_RTC\Code\LoRa_RTC\Core\Inc\timer_if.h
2025-10-23 22:29:23,161 [INFO] CodeEngine:265 - oldGeneratedFile, C:\Users\DELL_KM\Desktop\LoRa_RTC\Code\LoRa_RTC\Core\Src\timer_if.c_save
2025-10-23 22:29:23,258 [INFO] CodeEngine:289 - Generated code: C:\Users\DELL_KM\Desktop\LoRa_RTC\Code\LoRa_RTC\Core\Src\timer_if.c
2025-10-23 22:29:23,270 [INFO] CodeEngine:265 - oldGeneratedFile, C:\Users\DELL_KM\Desktop\LoRa_RTC\Code\LoRa_RTC\Core\Src\stm32_adv_trace_if.c_save
2025-10-23 22:29:23,361 [INFO] CodeEngine:289 - Generated code: C:\Users\DELL_KM\Desktop\LoRa_RTC\Code\LoRa_RTC\Core\Src\stm32_adv_trace_if.c
2025-10-23 22:29:23,372 [INFO] CodeEngine:265 - oldGeneratedFile, C:\Users\DELL_KM\Desktop\LoRa_RTC\Code\LoRa_RTC\Core\Inc\stm32_adv_trace_if.h_save
2025-10-23 22:29:23,461 [INFO] CodeEngine:289 - Generated code: C:\Users\DELL_KM\Desktop\LoRa_RTC\Code\LoRa_RTC\Core\Inc\stm32_adv_trace_if.h
2025-10-23 22:29:23,489 [INFO] CodeEngine:265 - oldGeneratedFile, C:\Users\DELL_KM\Desktop\LoRa_RTC\Code\LoRa_RTC\Core\Src\stm32wlxx_it.c_save
2025-10-23 22:29:23,606 [INFO] CodeEngine:289 - Generated code: C:\Users\DELL_KM\Desktop\LoRa_RTC\Code\LoRa_RTC\Core\Src\stm32wlxx_it.c
2025-10-23 22:29:23,618 [INFO] CodeEngine:265 - oldGeneratedFile, C:\Users\DELL_KM\Desktop\LoRa_RTC\Code\LoRa_RTC\Core\Inc\stm32wlxx_it.h_save
2025-10-23 22:29:23,709 [INFO] CodeEngine:289 - Generated code: C:\Users\DELL_KM\Desktop\LoRa_RTC\Code\LoRa_RTC\Core\Inc\stm32wlxx_it.h
2025-10-23 22:29:23,762 [INFO] CodeEngine:265 - oldGeneratedFile, C:\Users\DELL_KM\Desktop\LoRa_RTC\Code\LoRa_RTC\Core\Src\stm32wlxx_hal_msp.c_save
2025-10-23 22:29:23,927 [INFO] CodeEngine:289 - Generated code: C:\Users\DELL_KM\Desktop\LoRa_RTC\Code\LoRa_RTC\Core\Src\stm32wlxx_hal_msp.c
2025-10-23 22:29:23,938 [INFO] CodeEngine:265 - oldGeneratedFile, C:\Users\DELL_KM\Desktop\LoRa_RTC\Code\LoRa_RTC\MXTmpFiles\system.tmp_save
2025-10-23 22:29:24,023 [INFO] CodeEngine:289 - Generated code: C:\Users\DELL_KM\Desktop\LoRa_RTC\Code\LoRa_RTC\MXTmpFiles\system.tmp
2025-10-23 22:29:24,042 [INFO] CodeEngine:321 - oldGeneratedFile, C:\Users\DELL_KM\Desktop\LoRa_RTC\Code\LoRa_RTC\Core\Inc\stm32wlxx_hal_conf.h_save
2025-10-23 22:29:24,141 [INFO] CodeEngine:345 - Generated code: C:\Users\DELL_KM\Desktop\LoRa_RTC\Code\LoRa_RTC\Core\Inc\stm32wlxx_hal_conf.h
2025-10-23 22:29:24,163 [WARN] IPConfigManager:3811 - IP not found : TIM
2025-10-23 22:29:24,164 [WARN] CodeGenerator:4259 - IP not found : null
2025-10-23 22:29:24,181 [INFO] CodeEngine:265 - oldGeneratedFile, C:\Users\DELL_KM\Desktop\LoRa_RTC\Code\LoRa_RTC\Core\Inc\main.h_save
2025-10-23 22:29:24,278 [INFO] CodeEngine:289 - Generated code: C:\Users\DELL_KM\Desktop\LoRa_RTC\Code\LoRa_RTC\Core\Inc\main.h
2025-10-23 22:29:24,291 [INFO] CodeEngine:265 - oldGeneratedFile, C:\Users\DELL_KM\Desktop\LoRa_RTC\Code\LoRa_RTC\Core\Src\main.c_save
2025-10-23 22:29:24,475 [INFO] CodeEngine:289 - Generated code: C:\Users\DELL_KM\Desktop\LoRa_RTC\Code\LoRa_RTC\Core\Src\main.c
2025-10-23 22:29:25,403 [INFO] ProjectBuilder:3606 - Time for Copy HAL[1] : 406mS.
2025-10-23 22:29:25,420 [INFO] ProjectBuilder:5216 - Project Generator version: 4.7.0-B52
2025-10-23 22:29:25,558 [INFO] ConfigFileManager:1595 - The Die is : DIE497
2025-10-23 22:29:27,199 [INFO] ProjectBuilder:5496 - Time for Generating toolchain IDE Files: 1779mS.
2025-10-23 22:29:27,200 [INFO] ProjectBuilder:3463 - Time for Copy CMSIS : 1mS.
2025-10-23 22:29:27,208 [INFO] ProjectBuilder:3463 - Time for Copy CMSIS : 0mS.
2025-10-23 22:30:09,912 [INFO] UtilMem:75 - End SaveConfig() Used Memory: 292711392 Bytes (849346560)
2025-10-23 22:30:10,012 [INFO] UtilMem:75 - End SaveConfig() Used Memory: 309488608 Bytes (849346560)
2025-10-23 22:30:10,828 [INFO] UtilMem:75 - End SaveConfig() Used Memory: 388658144 Bytes (849346560)
2025-10-23 22:30:11,173 [INFO] BlockDiagram:2775 - set Specific Code input for plugin: SEQUENCER
2025-10-23 22:30:11,173 [INFO] BlockDiagram:2775 - set Specific Code input for plugin: ADV_TRACE
2025-10-23 22:30:11,173 [INFO] BlockDiagram:2775 - set Specific Code input for plugin: SUBGHZ
2025-10-23 22:30:11,174 [INFO] BlockDiagram:2775 - set Specific Code input for plugin: TIM1_8WL5
2025-10-23 22:30:11,174 [INFO] BlockDiagram:2775 - set Specific Code input for plugin: SYS
2025-10-23 22:30:11,174 [INFO] BlockDiagram:2775 - set Specific Code input for plugin: RCC
2025-10-23 22:30:11,174 [INFO] BlockDiagram:2775 - set Specific Code input for plugin: TINY_LPM
2025-10-23 22:30:11,174 [INFO] BlockDiagram:2775 - set Specific Code input for plugin: RTC
2025-10-23 22:30:11,174 [INFO] BlockDiagram:2775 - set Specific Code input for plugin: NVIC
2025-10-23 22:30:11,174 [INFO] BlockDiagram:2775 - set Specific Code input for plugin: MISC
2025-10-23 22:30:11,174 [INFO] BlockDiagram:2775 - set Specific Code input for plugin: USART
2025-10-23 22:30:11,174 [INFO] BlockDiagram:2775 - set Specific Code input for plugin: USART
2025-10-23 22:30:11,174 [INFO] BlockDiagram:2775 - set Specific Code input for plugin: TIMER
2025-10-23 22:30:11,174 [INFO] BlockDiagram:2775 - set Specific Code input for plugin: GPIO
2025-10-23 22:30:11,174 [INFO] BlockDiagram:2775 - set Specific Code input for plugin: SubGHz_Phy
2025-10-23 22:30:11,176 [INFO] CodeGenerator:892 - code generatio: config db path: C:\ST\STM32CubeIDE_1.19.0\STM32CubeIDE\plugins\com.st.stm32cube.common.mx_6.15.0.202507011659\\db\
2025-10-23 22:30:11,186 [WARN] IP:2250 - OutPut1 not found: check if there is a RefParameter without a condition.
2025-10-23 22:30:11,186 [WARN] IP:2250 - OutPut2 not found: check if there is a RefParameter without a condition.
2025-10-23 22:30:11,186 [WARN] IP:2250 - OutPut3 not found: check if there is a RefParameter without a condition.
2025-10-23 22:30:11,187 [WARN] IP:2250 - BinMixBcdU not found: check if there is a RefParameter without a condition.
2025-10-23 22:30:11,187 [WARN] IP:2250 - SSRU_Underflow_Interrupt not found: check if there is a RefParameter without a condition.
2025-10-23 22:30:11,187 [WARN] IP:2250 - SSRU_Underflow_Interrupt not found: check if there is a RefParameter without a condition.
2025-10-23 22:30:11,187 [WARN] IP:2250 - BinMixBcdU not found: check if there is a RefParameter without a condition.
2025-10-23 22:30:11,188 [WARN] IP:2250 - OutPut1 not found: check if there is a RefParameter without a condition.
2025-10-23 22:30:11,188 [WARN] IP:2250 - OutPut2 not found: check if there is a RefParameter without a condition.
2025-10-23 22:30:11,188 [WARN] IP:2250 - OutPut3 not found: check if there is a RefParameter without a condition.
2025-10-23 22:30:11,188 [WARN] IP:2250 - BinMixBcdU not found: check if there is a RefParameter without a condition.
2025-10-23 22:30:11,188 [WARN] IP:2250 - SSRU_Underflow_Interrupt not found: check if there is a RefParameter without a condition.
2025-10-23 22:30:11,189 [WARN] IP:2250 - BinaryAutoClr_A not found: check if there is a RefParameter without a condition.
2025-10-23 22:30:11,192 [WARN] IP:2250 - UTIL_SEQ_EN_M0 not found: check if there is a RefParameter without a condition.
2025-10-23 22:30:11,319 [INFO] CodeEngine:265 - oldGeneratedFile, C:\Users\DELL_KM\Desktop\LoRa_RTC\Code\LoRa_RTC\MXTmpFiles\license.tmp_save
2025-10-23 22:30:11,406 [INFO] CodeEngine:289 - Generated code: C:\Users\DELL_KM\Desktop\LoRa_RTC\Code\LoRa_RTC\MXTmpFiles\license.tmp
2025-10-23 22:30:11,442 [INFO] CodeEngine:265 - oldGeneratedFile, C:\Users\DELL_KM\Desktop\LoRa_RTC\Code\LoRa_RTC\MXTmpFiles\gpio.tmp_save
2025-10-23 22:30:11,535 [INFO] CodeEngine:289 - Generated code: C:\Users\DELL_KM\Desktop\LoRa_RTC\Code\LoRa_RTC\MXTmpFiles\gpio.tmp
2025-10-23 22:30:11,604 [WARN] IP:2250 - OutPut1 not found: check if there is a RefParameter without a condition.
2025-10-23 22:30:11,604 [WARN] IP:2250 - OutPut2 not found: check if there is a RefParameter without a condition.
2025-10-23 22:30:11,604 [WARN] IP:2250 - OutPut3 not found: check if there is a RefParameter without a condition.
2025-10-23 22:30:11,604 [WARN] IP:2250 - BinMixBcdU not found: check if there is a RefParameter without a condition.
2025-10-23 22:30:11,604 [WARN] IP:2250 - SSRU_Underflow_Interrupt not found: check if there is a RefParameter without a condition.
2025-10-23 22:30:11,606 [WARN] IP:2250 - SSRU_Underflow_Interrupt not found: check if there is a RefParameter without a condition.
2025-10-23 22:30:11,606 [WARN] IP:2250 - BinMixBcdU not found: check if there is a RefParameter without a condition.
2025-10-23 22:30:11,932 [INFO] Middleware:1452 - No code input for Bsp Dependency
2025-10-23 22:30:11,943 [INFO] Middleware:1452 - No code input for Bsp Dependency
2025-10-23 22:30:11,953 [INFO] CodeEngine:265 - oldGeneratedFile, C:\Users\DELL_KM\Desktop\LoRa_RTC\Code\LoRa_RTC\Core\Inc\platform.h_save
2025-10-23 22:30:12,059 [INFO] CodeEngine:289 - Generated code: C:\Users\DELL_KM\Desktop\LoRa_RTC\Code\LoRa_RTC\Core\Inc\platform.h
2025-10-23 22:30:12,071 [INFO] CodeEngine:265 - oldGeneratedFile, C:\Users\DELL_KM\Desktop\LoRa_RTC\Code\LoRa_RTC\Core\Inc\stm32_lpm_if.h_save
2025-10-23 22:30:12,196 [INFO] CodeEngine:289 - Generated code: C:\Users\DELL_KM\Desktop\LoRa_RTC\Code\LoRa_RTC\Core\Inc\stm32_lpm_if.h
2025-10-23 22:30:12,208 [INFO] CodeEngine:265 - oldGeneratedFile, C:\Users\DELL_KM\Desktop\LoRa_RTC\Code\LoRa_RTC\Core\Inc\sys_app.h_save
2025-10-23 22:30:12,317 [INFO] CodeEngine:289 - Generated code: C:\Users\DELL_KM\Desktop\LoRa_RTC\Code\LoRa_RTC\Core\Inc\sys_app.h
2025-10-23 22:30:12,331 [INFO] CodeEngine:265 - oldGeneratedFile, C:\Users\DELL_KM\Desktop\LoRa_RTC\Code\LoRa_RTC\Core\Inc\utilities_conf.h_save
2025-10-23 22:30:12,427 [INFO] CodeEngine:289 - Generated code: C:\Users\DELL_KM\Desktop\LoRa_RTC\Code\LoRa_RTC\Core\Inc\utilities_conf.h
2025-10-23 22:30:12,439 [INFO] CodeEngine:265 - oldGeneratedFile, C:\Users\DELL_KM\Desktop\LoRa_RTC\Code\LoRa_RTC\Core\Inc\utilities_def.h_save
2025-10-23 22:30:12,534 [INFO] CodeEngine:289 - Generated code: C:\Users\DELL_KM\Desktop\LoRa_RTC\Code\LoRa_RTC\Core\Inc\utilities_def.h
2025-10-23 22:30:12,547 [INFO] CodeEngine:265 - oldGeneratedFile, C:\Users\DELL_KM\Desktop\LoRa_RTC\Code\LoRa_RTC\Core\Src\stm32_lpm_if.c_save
2025-10-23 22:30:12,646 [INFO] CodeEngine:289 - Generated code: C:\Users\DELL_KM\Desktop\LoRa_RTC\Code\LoRa_RTC\Core\Src\stm32_lpm_if.c
2025-10-23 22:30:12,662 [INFO] CodeEngine:265 - oldGeneratedFile, C:\Users\DELL_KM\Desktop\LoRa_RTC\Code\LoRa_RTC\Core\Src\sys_app.c_save
2025-10-23 22:30:12,770 [INFO] CodeEngine:289 - Generated code: C:\Users\DELL_KM\Desktop\LoRa_RTC\Code\LoRa_RTC\Core\Src\sys_app.c
2025-10-23 22:30:12,783 [INFO] CodeEngine:265 - oldGeneratedFile, C:\Users\DELL_KM\Desktop\LoRa_RTC\Code\LoRa_RTC\SubGHz_Phy\App\app_subghz_phy.c_save
2025-10-23 22:30:12,873 [INFO] CodeEngine:289 - Generated code: C:\Users\DELL_KM\Desktop\LoRa_RTC\Code\LoRa_RTC\SubGHz_Phy\App\app_subghz_phy.c
2025-10-23 22:30:12,885 [INFO] CodeEngine:265 - oldGeneratedFile, C:\Users\DELL_KM\Desktop\LoRa_RTC\Code\LoRa_RTC\SubGHz_Phy\App\app_subghz_phy.h_save
2025-10-23 22:30:12,975 [INFO] CodeEngine:289 - Generated code: C:\Users\DELL_KM\Desktop\LoRa_RTC\Code\LoRa_RTC\SubGHz_Phy\App\app_subghz_phy.h
2025-10-23 22:30:12,987 [INFO] CodeEngine:265 - oldGeneratedFile, C:\Users\DELL_KM\Desktop\LoRa_RTC\Code\LoRa_RTC\SubGHz_Phy\App\subghz_phy_app.c_save
2025-10-23 22:30:13,095 [INFO] CodeEngine:289 - Generated code: C:\Users\DELL_KM\Desktop\LoRa_RTC\Code\LoRa_RTC\SubGHz_Phy\App\subghz_phy_app.c
2025-10-23 22:30:13,107 [INFO] CodeEngine:265 - oldGeneratedFile, C:\Users\DELL_KM\Desktop\LoRa_RTC\Code\LoRa_RTC\SubGHz_Phy\App\subghz_phy_app.h_save
2025-10-23 22:30:13,204 [INFO] CodeEngine:289 - Generated code: C:\Users\DELL_KM\Desktop\LoRa_RTC\Code\LoRa_RTC\SubGHz_Phy\App\subghz_phy_app.h
2025-10-23 22:30:13,216 [INFO] CodeEngine:265 - oldGeneratedFile, C:\Users\DELL_KM\Desktop\LoRa_RTC\Code\LoRa_RTC\SubGHz_Phy\App\app_version.h_save
2025-10-23 22:30:13,307 [INFO] CodeEngine:289 - Generated code: C:\Users\DELL_KM\Desktop\LoRa_RTC\Code\LoRa_RTC\SubGHz_Phy\App\app_version.h
2025-10-23 22:30:13,319 [INFO] CodeEngine:265 - oldGeneratedFile, C:\Users\DELL_KM\Desktop\LoRa_RTC\Code\LoRa_RTC\SubGHz_Phy\Target\mw_log_conf.h_save
2025-10-23 22:30:13,409 [INFO] CodeEngine:289 - Generated code: C:\Users\DELL_KM\Desktop\LoRa_RTC\Code\LoRa_RTC\SubGHz_Phy\Target\mw_log_conf.h
2025-10-23 22:30:13,420 [INFO] CodeEngine:265 - oldGeneratedFile, C:\Users\DELL_KM\Desktop\LoRa_RTC\Code\LoRa_RTC\SubGHz_Phy\Target\radio_board_if.c_save
2025-10-23 22:30:13,515 [INFO] CodeEngine:289 - Generated code: C:\Users\DELL_KM\Desktop\LoRa_RTC\Code\LoRa_RTC\SubGHz_Phy\Target\radio_board_if.c
2025-10-23 22:30:13,528 [INFO] CodeEngine:265 - oldGeneratedFile, C:\Users\DELL_KM\Desktop\LoRa_RTC\Code\LoRa_RTC\SubGHz_Phy\Target\radio_board_if.h_save
2025-10-23 22:30:13,628 [INFO] CodeEngine:289 - Generated code: C:\Users\DELL_KM\Desktop\LoRa_RTC\Code\LoRa_RTC\SubGHz_Phy\Target\radio_board_if.h
2025-10-23 22:30:13,641 [INFO] CodeEngine:265 - oldGeneratedFile, C:\Users\DELL_KM\Desktop\LoRa_RTC\Code\LoRa_RTC\SubGHz_Phy\Target\radio_conf.h_save
2025-10-23 22:30:13,766 [INFO] CodeEngine:289 - Generated code: C:\Users\DELL_KM\Desktop\LoRa_RTC\Code\LoRa_RTC\SubGHz_Phy\Target\radio_conf.h
2025-10-23 22:30:13,781 [INFO] CodeEngine:265 - oldGeneratedFile, C:\Users\DELL_KM\Desktop\LoRa_RTC\Code\LoRa_RTC\SubGHz_Phy\Target\timer.h_save
2025-10-23 22:30:13,887 [INFO] CodeEngine:289 - Generated code: C:\Users\DELL_KM\Desktop\LoRa_RTC\Code\LoRa_RTC\SubGHz_Phy\Target\timer.h
2025-10-23 22:30:13,902 [INFO] CodeEngine:265 - oldGeneratedFile, C:\Users\DELL_KM\Desktop\LoRa_RTC\Code\LoRa_RTC\Core\Inc\timer_if.h_save
2025-10-23 22:30:13,999 [INFO] CodeEngine:289 - Generated code: C:\Users\DELL_KM\Desktop\LoRa_RTC\Code\LoRa_RTC\Core\Inc\timer_if.h
2025-10-23 22:30:14,010 [INFO] CodeEngine:265 - oldGeneratedFile, C:\Users\DELL_KM\Desktop\LoRa_RTC\Code\LoRa_RTC\Core\Src\timer_if.c_save
2025-10-23 22:30:14,105 [INFO] CodeEngine:289 - Generated code: C:\Users\DELL_KM\Desktop\LoRa_RTC\Code\LoRa_RTC\Core\Src\timer_if.c
2025-10-23 22:30:14,118 [INFO] CodeEngine:265 - oldGeneratedFile, C:\Users\DELL_KM\Desktop\LoRa_RTC\Code\LoRa_RTC\Core\Src\stm32_adv_trace_if.c_save
2025-10-23 22:30:14,220 [INFO] CodeEngine:289 - Generated code: C:\Users\DELL_KM\Desktop\LoRa_RTC\Code\LoRa_RTC\Core\Src\stm32_adv_trace_if.c
2025-10-23 22:30:14,236 [INFO] CodeEngine:265 - oldGeneratedFile, C:\Users\DELL_KM\Desktop\LoRa_RTC\Code\LoRa_RTC\Core\Inc\stm32_adv_trace_if.h_save
2025-10-23 22:30:14,336 [INFO] CodeEngine:289 - Generated code: C:\Users\DELL_KM\Desktop\LoRa_RTC\Code\LoRa_RTC\Core\Inc\stm32_adv_trace_if.h
2025-10-23 22:30:14,365 [INFO] CodeEngine:265 - oldGeneratedFile, C:\Users\DELL_KM\Desktop\LoRa_RTC\Code\LoRa_RTC\Core\Src\stm32wlxx_it.c_save
2025-10-23 22:30:14,490 [INFO] CodeEngine:289 - Generated code: C:\Users\DELL_KM\Desktop\LoRa_RTC\Code\LoRa_RTC\Core\Src\stm32wlxx_it.c
2025-10-23 22:30:14,502 [INFO] CodeEngine:265 - oldGeneratedFile, C:\Users\DELL_KM\Desktop\LoRa_RTC\Code\LoRa_RTC\Core\Inc\stm32wlxx_it.h_save
2025-10-23 22:30:14,607 [INFO] CodeEngine:289 - Generated code: C:\Users\DELL_KM\Desktop\LoRa_RTC\Code\LoRa_RTC\Core\Inc\stm32wlxx_it.h
2025-10-23 22:30:14,683 [INFO] CodeEngine:265 - oldGeneratedFile, C:\Users\DELL_KM\Desktop\LoRa_RTC\Code\LoRa_RTC\Core\Src\stm32wlxx_hal_msp.c_save
2025-10-23 22:30:14,882 [INFO] CodeEngine:289 - Generated code: C:\Users\DELL_KM\Desktop\LoRa_RTC\Code\LoRa_RTC\Core\Src\stm32wlxx_hal_msp.c
2025-10-23 22:30:14,893 [INFO] CodeEngine:265 - oldGeneratedFile, C:\Users\DELL_KM\Desktop\LoRa_RTC\Code\LoRa_RTC\MXTmpFiles\system.tmp_save
2025-10-23 22:30:14,989 [INFO] CodeEngine:289 - Generated code: C:\Users\DELL_KM\Desktop\LoRa_RTC\Code\LoRa_RTC\MXTmpFiles\system.tmp
2025-10-23 22:30:15,010 [INFO] CodeEngine:321 - oldGeneratedFile, C:\Users\DELL_KM\Desktop\LoRa_RTC\Code\LoRa_RTC\Core\Inc\stm32wlxx_hal_conf.h_save
2025-10-23 22:30:15,109 [INFO] CodeEngine:345 - Generated code: C:\Users\DELL_KM\Desktop\LoRa_RTC\Code\LoRa_RTC\Core\Inc\stm32wlxx_hal_conf.h
2025-10-23 22:30:15,171 [INFO] ApiDbMcu:532 - Load IP Config File for USART2
2025-10-23 22:30:15,174 [WARN] IPConfigManager:3811 - IP not found : TIM
2025-10-23 22:30:15,175 [WARN] CodeGenerator:4259 - IP not found : null
2025-10-23 22:30:15,193 [INFO] CodeEngine:265 - oldGeneratedFile, C:\Users\DELL_KM\Desktop\LoRa_RTC\Code\LoRa_RTC\Core\Inc\main.h_save
2025-10-23 22:30:15,350 [INFO] CodeEngine:289 - Generated code: C:\Users\DELL_KM\Desktop\LoRa_RTC\Code\LoRa_RTC\Core\Inc\main.h
2025-10-23 22:30:15,367 [INFO] CodeEngine:265 - oldGeneratedFile, C:\Users\DELL_KM\Desktop\LoRa_RTC\Code\LoRa_RTC\Core\Src\main.c_save
2025-10-23 22:30:15,562 [INFO] CodeEngine:289 - Generated code: C:\Users\DELL_KM\Desktop\LoRa_RTC\Code\LoRa_RTC\Core\Src\main.c
2025-10-23 22:30:16,292 [INFO] ProjectBuilder:3606 - Time for Copy HAL[1] : 380mS.
2025-10-23 22:30:16,308 [INFO] ProjectBuilder:5216 - Project Generator version: 4.7.0-B52
2025-10-23 22:30:16,430 [INFO] ConfigFileManager:1595 - The Die is : DIE497
2025-10-23 22:30:17,974 [INFO] ProjectBuilder:5496 - Time for Generating toolchain IDE Files: 1666mS.
2025-10-23 22:30:17,975 [INFO] ProjectBuilder:3463 - Time for Copy CMSIS : 1mS.
2025-10-23 22:30:17,985 [INFO] ProjectBuilder:3463 - Time for Copy CMSIS : 0mS.
2025-10-23 22:31:05,283 [WARN] IP:2250 - OutPut1 not found: check if there is a RefParameter without a condition.
2025-10-23 22:31:05,284 [WARN] IP:2250 - OutPut2 not found: check if there is a RefParameter without a condition.
2025-10-23 22:31:05,284 [WARN] IP:2250 - OutPut3 not found: check if there is a RefParameter without a condition.
2025-10-23 22:31:05,284 [WARN] IP:2250 - BinMixBcdU not found: check if there is a RefParameter without a condition.
2025-10-23 22:31:05,284 [WARN] IP:2250 - SSRU_Underflow_Interrupt not found: check if there is a RefParameter without a condition.
2025-10-23 22:31:05,285 [WARN] IP:2250 - SSRU_Underflow_Interrupt not found: check if there is a RefParameter without a condition.
2025-10-23 22:31:05,285 [WARN] IP:2250 - BinMixBcdU not found: check if there is a RefParameter without a condition.
2025-10-23 22:31:05,285 [WARN] IP:2250 - OutPut1 not found: check if there is a RefParameter without a condition.
2025-10-23 22:31:05,286 [WARN] IP:2250 - OutPut2 not found: check if there is a RefParameter without a condition.
2025-10-23 22:31:05,286 [WARN] IP:2250 - OutPut3 not found: check if there is a RefParameter without a condition.
2025-10-23 22:31:05,286 [WARN] IP:2250 - BinMixBcdU not found: check if there is a RefParameter without a condition.
2025-10-23 22:31:05,286 [WARN] IP:2250 - SSRU_Underflow_Interrupt not found: check if there is a RefParameter without a condition.
2025-10-23 22:31:05,286 [WARN] IP:2250 - BinaryAutoClr_A not found: check if there is a RefParameter without a condition.
2025-10-23 22:31:05,287 [WARN] IP:2250 - OutPut1 not found: check if there is a RefParameter without a condition.
2025-10-23 22:31:05,287 [WARN] IP:2250 - OutPut2 not found: check if there is a RefParameter without a condition.
2025-10-23 22:31:05,287 [WARN] IP:2250 - OutPut3 not found: check if there is a RefParameter without a condition.
2025-10-23 22:31:05,287 [WARN] IP:2250 - BinMixBcdU not found: check if there is a RefParameter without a condition.
2025-10-23 22:31:05,287 [WARN] IP:2250 - SSRU_Underflow_Interrupt not found: check if there is a RefParameter without a condition.
2025-10-23 22:31:05,288 [WARN] IP:2250 - SSRU_Underflow_Interrupt not found: check if there is a RefParameter without a condition.
2025-10-23 22:31:05,288 [WARN] IP:2250 - BinMixBcdU not found: check if there is a RefParameter without a condition.
2025-10-23 22:31:05,288 [WARN] IP:2250 - OutPut1 not found: check if there is a RefParameter without a condition.
2025-10-23 22:31:05,288 [WARN] IP:2250 - OutPut2 not found: check if there is a RefParameter without a condition.
2025-10-23 22:31:05,288 [WARN] IP:2250 - OutPut3 not found: check if there is a RefParameter without a condition.
2025-10-23 22:31:05,289 [WARN] IP:2250 - BinMixBcdU not found: check if there is a RefParameter without a condition.
2025-10-23 22:31:05,289 [WARN] IP:2250 - SSRU_Underflow_Interrupt not found: check if there is a RefParameter without a condition.
2025-10-23 22:31:05,289 [WARN] IP:2250 - BinaryAutoClr_A not found: check if there is a RefParameter without a condition.
2025-10-23 22:31:05,309 [WARN] IP:2250 - UTIL_SEQ_EN_M0 not found: check if there is a RefParameter without a condition.
2025-10-23 22:31:05,314 [WARN] IP:2250 - UTIL_SEQ_EN_M0 not found: check if there is a RefParameter without a condition.
2025-10-23 22:31:27,647 [INFO] NvicIntPanel:101 - NVIC parent = com.st.microxplorer.plugins.ip.nvic.MultiNvicIntPanel[,0,0,563x402,layout=javax.swing.BoxLayout,alignmentX=0.0,alignmentY=0.0,border=,flags=9,maximumSize=,minimumSize=,preferredSize=]
2025-10-23 22:31:39,217 [INFO] UtilMem:75 - End SaveConfig() Used Memory: 406305920 Bytes (849346560)
2025-10-23 22:31:39,337 [INFO] UtilMem:75 - End SaveConfig() Used Memory: 424558232 Bytes (849346560)
2025-10-23 22:31:40,125 [INFO] UtilMem:75 - End SaveConfig() Used Memory: 504872064 Bytes (849346560)
2025-10-23 22:31:40,448 [INFO] BlockDiagram:2775 - set Specific Code input for plugin: SEQUENCER
2025-10-23 22:31:40,448 [INFO] BlockDiagram:2775 - set Specific Code input for plugin: ADV_TRACE
2025-10-23 22:31:40,448 [INFO] BlockDiagram:2775 - set Specific Code input for plugin: SUBGHZ
2025-10-23 22:31:40,448 [INFO] BlockDiagram:2775 - set Specific Code input for plugin: TIM1_8WL5
2025-10-23 22:31:40,448 [INFO] BlockDiagram:2775 - set Specific Code input for plugin: SYS
2025-10-23 22:31:40,448 [INFO] BlockDiagram:2775 - set Specific Code input for plugin: RCC
2025-10-23 22:31:40,448 [INFO] BlockDiagram:2775 - set Specific Code input for plugin: TINY_LPM
2025-10-23 22:31:40,448 [INFO] BlockDiagram:2775 - set Specific Code input for plugin: RTC
2025-10-23 22:31:40,448 [INFO] BlockDiagram:2775 - set Specific Code input for plugin: NVIC
2025-10-23 22:31:40,448 [INFO] BlockDiagram:2775 - set Specific Code input for plugin: MISC
2025-10-23 22:31:40,449 [INFO] BlockDiagram:2775 - set Specific Code input for plugin: USART
2025-10-23 22:31:40,449 [INFO] BlockDiagram:2775 - set Specific Code input for plugin: TIMER
2025-10-23 22:31:40,449 [INFO] BlockDiagram:2775 - set Specific Code input for plugin: GPIO
2025-10-23 22:31:40,449 [INFO] BlockDiagram:2775 - set Specific Code input for plugin: SubGHz_Phy
2025-10-23 22:31:40,450 [INFO] CodeGenerator:892 - code generatio: config db path: C:\ST\STM32CubeIDE_1.19.0\STM32CubeIDE\plugins\com.st.stm32cube.common.mx_6.15.0.202507011659\\db\
2025-10-23 22:31:40,461 [WARN] IP:2250 - OutPut1 not found: check if there is a RefParameter without a condition.
2025-10-23 22:31:40,461 [WARN] IP:2250 - OutPut2 not found: check if there is a RefParameter without a condition.
2025-10-23 22:31:40,461 [WARN] IP:2250 - OutPut3 not found: check if there is a RefParameter without a condition.
2025-10-23 22:31:40,461 [WARN] IP:2250 - BinMixBcdU not found: check if there is a RefParameter without a condition.
2025-10-23 22:31:40,461 [WARN] IP:2250 - SSRU_Underflow_Interrupt not found: check if there is a RefParameter without a condition.
2025-10-23 22:31:40,462 [WARN] IP:2250 - SSRU_Underflow_Interrupt not found: check if there is a RefParameter without a condition.
2025-10-23 22:31:40,462 [WARN] IP:2250 - BinMixBcdU not found: check if there is a RefParameter without a condition.
2025-10-23 22:31:40,462 [WARN] IP:2250 - OutPut1 not found: check if there is a RefParameter without a condition.
2025-10-23 22:31:40,463 [WARN] IP:2250 - OutPut2 not found: check if there is a RefParameter without a condition.
2025-10-23 22:31:40,463 [WARN] IP:2250 - OutPut3 not found: check if there is a RefParameter without a condition.
2025-10-23 22:31:40,463 [WARN] IP:2250 - BinMixBcdU not found: check if there is a RefParameter without a condition.
2025-10-23 22:31:40,463 [WARN] IP:2250 - SSRU_Underflow_Interrupt not found: check if there is a RefParameter without a condition.
2025-10-23 22:31:40,463 [WARN] IP:2250 - BinaryAutoClr_A not found: check if there is a RefParameter without a condition.
2025-10-23 22:31:40,466 [WARN] IP:2250 - UTIL_SEQ_EN_M0 not found: check if there is a RefParameter without a condition.
2025-10-23 22:31:40,576 [INFO] CodeEngine:265 - oldGeneratedFile, C:\Users\DELL_KM\Desktop\LoRa_RTC\Code\LoRa_RTC\MXTmpFiles\license.tmp_save
2025-10-23 22:31:40,659 [INFO] CodeEngine:289 - Generated code: C:\Users\DELL_KM\Desktop\LoRa_RTC\Code\LoRa_RTC\MXTmpFiles\license.tmp
2025-10-23 22:31:40,687 [INFO] CodeEngine:265 - oldGeneratedFile, C:\Users\DELL_KM\Desktop\LoRa_RTC\Code\LoRa_RTC\MXTmpFiles\gpio.tmp_save
2025-10-23 22:31:40,771 [INFO] CodeEngine:289 - Generated code: C:\Users\DELL_KM\Desktop\LoRa_RTC\Code\LoRa_RTC\MXTmpFiles\gpio.tmp
2025-10-23 22:31:40,801 [WARN] IP:2250 - OutPut1 not found: check if there is a RefParameter without a condition.
2025-10-23 22:31:40,801 [WARN] IP:2250 - OutPut2 not found: check if there is a RefParameter without a condition.
2025-10-23 22:31:40,801 [WARN] IP:2250 - OutPut3 not found: check if there is a RefParameter without a condition.
2025-10-23 22:31:40,801 [WARN] IP:2250 - BinMixBcdU not found: check if there is a RefParameter without a condition.
2025-10-23 22:31:40,801 [WARN] IP:2250 - SSRU_Underflow_Interrupt not found: check if there is a RefParameter without a condition.
2025-10-23 22:31:40,801 [WARN] IP:2250 - SSRU_Underflow_Interrupt not found: check if there is a RefParameter without a condition.
2025-10-23 22:31:40,801 [WARN] IP:2250 - BinMixBcdU not found: check if there is a RefParameter without a condition.
2025-10-23 22:31:40,945 [INFO] Middleware:1452 - No code input for Bsp Dependency
2025-10-23 22:31:40,955 [INFO] Middleware:1452 - No code input for Bsp Dependency
2025-10-23 22:31:40,972 [INFO] CodeEngine:265 - oldGeneratedFile, C:\Users\DELL_KM\Desktop\LoRa_RTC\Code\LoRa_RTC\Core\Inc\platform.h_save
2025-10-23 22:31:41,076 [INFO] CodeEngine:289 - Generated code: C:\Users\DELL_KM\Desktop\LoRa_RTC\Code\LoRa_RTC\Core\Inc\platform.h
2025-10-23 22:31:41,088 [INFO] CodeEngine:265 - oldGeneratedFile, C:\Users\DELL_KM\Desktop\LoRa_RTC\Code\LoRa_RTC\Core\Inc\stm32_lpm_if.h_save
2025-10-23 22:31:41,180 [INFO] CodeEngine:289 - Generated code: C:\Users\DELL_KM\Desktop\LoRa_RTC\Code\LoRa_RTC\Core\Inc\stm32_lpm_if.h
2025-10-23 22:31:41,192 [INFO] CodeEngine:265 - oldGeneratedFile, C:\Users\DELL_KM\Desktop\LoRa_RTC\Code\LoRa_RTC\Core\Inc\sys_app.h_save
2025-10-23 22:31:41,288 [INFO] CodeEngine:289 - Generated code: C:\Users\DELL_KM\Desktop\LoRa_RTC\Code\LoRa_RTC\Core\Inc\sys_app.h
2025-10-23 22:31:41,301 [INFO] CodeEngine:265 - oldGeneratedFile, C:\Users\DELL_KM\Desktop\LoRa_RTC\Code\LoRa_RTC\Core\Inc\utilities_conf.h_save
2025-10-23 22:31:41,414 [INFO] CodeEngine:289 - Generated code: C:\Users\DELL_KM\Desktop\LoRa_RTC\Code\LoRa_RTC\Core\Inc\utilities_conf.h
2025-10-23 22:31:41,431 [INFO] CodeEngine:265 - oldGeneratedFile, C:\Users\DELL_KM\Desktop\LoRa_RTC\Code\LoRa_RTC\Core\Inc\utilities_def.h_save
2025-10-23 22:31:41,525 [INFO] CodeEngine:289 - Generated code: C:\Users\DELL_KM\Desktop\LoRa_RTC\Code\LoRa_RTC\Core\Inc\utilities_def.h
2025-10-23 22:31:41,537 [INFO] CodeEngine:265 - oldGeneratedFile, C:\Users\DELL_KM\Desktop\LoRa_RTC\Code\LoRa_RTC\Core\Src\stm32_lpm_if.c_save
2025-10-23 22:31:41,633 [INFO] CodeEngine:289 - Generated code: C:\Users\DELL_KM\Desktop\LoRa_RTC\Code\LoRa_RTC\Core\Src\stm32_lpm_if.c
2025-10-23 22:31:41,645 [INFO] CodeEngine:265 - oldGeneratedFile, C:\Users\DELL_KM\Desktop\LoRa_RTC\Code\LoRa_RTC\Core\Src\sys_app.c_save
2025-10-23 22:31:41,749 [INFO] CodeEngine:289 - Generated code: C:\Users\DELL_KM\Desktop\LoRa_RTC\Code\LoRa_RTC\Core\Src\sys_app.c
2025-10-23 22:31:41,762 [INFO] CodeEngine:265 - oldGeneratedFile, C:\Users\DELL_KM\Desktop\LoRa_RTC\Code\LoRa_RTC\SubGHz_Phy\App\app_subghz_phy.c_save
2025-10-23 22:31:41,869 [INFO] CodeEngine:289 - Generated code: C:\Users\DELL_KM\Desktop\LoRa_RTC\Code\LoRa_RTC\SubGHz_Phy\App\app_subghz_phy.c
2025-10-23 22:31:41,885 [INFO] CodeEngine:265 - oldGeneratedFile, C:\Users\DELL_KM\Desktop\LoRa_RTC\Code\LoRa_RTC\SubGHz_Phy\App\app_subghz_phy.h_save
2025-10-23 22:31:41,982 [INFO] CodeEngine:289 - Generated code: C:\Users\DELL_KM\Desktop\LoRa_RTC\Code\LoRa_RTC\SubGHz_Phy\App\app_subghz_phy.h
2025-10-23 22:31:41,995 [INFO] CodeEngine:265 - oldGeneratedFile, C:\Users\DELL_KM\Desktop\LoRa_RTC\Code\LoRa_RTC\SubGHz_Phy\App\subghz_phy_app.c_save
2025-10-23 22:31:42,121 [INFO] CodeEngine:289 - Generated code: C:\Users\DELL_KM\Desktop\LoRa_RTC\Code\LoRa_RTC\SubGHz_Phy\App\subghz_phy_app.c
2025-10-23 22:31:42,134 [INFO] CodeEngine:265 - oldGeneratedFile, C:\Users\DELL_KM\Desktop\LoRa_RTC\Code\LoRa_RTC\SubGHz_Phy\App\subghz_phy_app.h_save
2025-10-23 22:31:42,230 [INFO] CodeEngine:289 - Generated code: C:\Users\DELL_KM\Desktop\LoRa_RTC\Code\LoRa_RTC\SubGHz_Phy\App\subghz_phy_app.h
2025-10-23 22:31:42,242 [INFO] CodeEngine:265 - oldGeneratedFile, C:\Users\DELL_KM\Desktop\LoRa_RTC\Code\LoRa_RTC\SubGHz_Phy\App\app_version.h_save
2025-10-23 22:31:42,341 [INFO] CodeEngine:289 - Generated code: C:\Users\DELL_KM\Desktop\LoRa_RTC\Code\LoRa_RTC\SubGHz_Phy\App\app_version.h
2025-10-23 22:31:42,351 [INFO] CodeEngine:265 - oldGeneratedFile, C:\Users\DELL_KM\Desktop\LoRa_RTC\Code\LoRa_RTC\SubGHz_Phy\Target\mw_log_conf.h_save
2025-10-23 22:31:42,486 [INFO] CodeEngine:289 - Generated code: C:\Users\DELL_KM\Desktop\LoRa_RTC\Code\LoRa_RTC\SubGHz_Phy\Target\mw_log_conf.h
2025-10-23 22:31:42,497 [INFO] CodeEngine:265 - oldGeneratedFile, C:\Users\DELL_KM\Desktop\LoRa_RTC\Code\LoRa_RTC\SubGHz_Phy\Target\radio_board_if.c_save
2025-10-23 22:31:42,589 [INFO] CodeEngine:289 - Generated code: C:\Users\DELL_KM\Desktop\LoRa_RTC\Code\LoRa_RTC\SubGHz_Phy\Target\radio_board_if.c
2025-10-23 22:31:42,599 [INFO] CodeEngine:265 - oldGeneratedFile, C:\Users\DELL_KM\Desktop\LoRa_RTC\Code\LoRa_RTC\SubGHz_Phy\Target\radio_board_if.h_save
2025-10-23 22:31:42,698 [INFO] CodeEngine:289 - Generated code: C:\Users\DELL_KM\Desktop\LoRa_RTC\Code\LoRa_RTC\SubGHz_Phy\Target\radio_board_if.h
2025-10-23 22:31:42,703 [INFO] CodeEngine:265 - oldGeneratedFile, C:\Users\DELL_KM\Desktop\LoRa_RTC\Code\LoRa_RTC\SubGHz_Phy\Target\radio_conf.h_save
2025-10-23 22:31:42,798 [INFO] CodeEngine:289 - Generated code: C:\Users\DELL_KM\Desktop\LoRa_RTC\Code\LoRa_RTC\SubGHz_Phy\Target\radio_conf.h
2025-10-23 22:31:42,808 [INFO] CodeEngine:265 - oldGeneratedFile, C:\Users\DELL_KM\Desktop\LoRa_RTC\Code\LoRa_RTC\SubGHz_Phy\Target\timer.h_save
2025-10-23 22:31:42,906 [INFO] CodeEngine:289 - Generated code: C:\Users\DELL_KM\Desktop\LoRa_RTC\Code\LoRa_RTC\SubGHz_Phy\Target\timer.h
2025-10-23 22:31:42,916 [INFO] CodeEngine:265 - oldGeneratedFile, C:\Users\DELL_KM\Desktop\LoRa_RTC\Code\LoRa_RTC\Core\Inc\timer_if.h_save
2025-10-23 22:31:43,000 [INFO] CodeEngine:289 - Generated code: C:\Users\DELL_KM\Desktop\LoRa_RTC\Code\LoRa_RTC\Core\Inc\timer_if.h
2025-10-23 22:31:43,020 [INFO] CodeEngine:265 - oldGeneratedFile, C:\Users\DELL_KM\Desktop\LoRa_RTC\Code\LoRa_RTC\Core\Src\timer_if.c_save
2025-10-23 22:31:43,128 [INFO] CodeEngine:289 - Generated code: C:\Users\DELL_KM\Desktop\LoRa_RTC\Code\LoRa_RTC\Core\Src\timer_if.c
2025-10-23 22:31:43,144 [INFO] CodeEngine:265 - oldGeneratedFile, C:\Users\DELL_KM\Desktop\LoRa_RTC\Code\LoRa_RTC\Core\Src\stm32_adv_trace_if.c_save
2025-10-23 22:31:43,227 [INFO] CodeEngine:289 - Generated code: C:\Users\DELL_KM\Desktop\LoRa_RTC\Code\LoRa_RTC\Core\Src\stm32_adv_trace_if.c
2025-10-23 22:31:43,237 [INFO] CodeEngine:265 - oldGeneratedFile, C:\Users\DELL_KM\Desktop\LoRa_RTC\Code\LoRa_RTC\Core\Inc\stm32_adv_trace_if.h_save
2025-10-23 22:31:43,335 [INFO] CodeEngine:289 - Generated code: C:\Users\DELL_KM\Desktop\LoRa_RTC\Code\LoRa_RTC\Core\Inc\stm32_adv_trace_if.h
2025-10-23 22:31:43,366 [INFO] CodeEngine:265 - oldGeneratedFile, C:\Users\DELL_KM\Desktop\LoRa_RTC\Code\LoRa_RTC\Core\Src\stm32wlxx_it.c_save
2025-10-23 22:31:43,482 [INFO] CodeEngine:289 - Generated code: C:\Users\DELL_KM\Desktop\LoRa_RTC\Code\LoRa_RTC\Core\Src\stm32wlxx_it.c
2025-10-23 22:31:43,496 [INFO] CodeEngine:265 - oldGeneratedFile, C:\Users\DELL_KM\Desktop\LoRa_RTC\Code\LoRa_RTC\Core\Inc\stm32wlxx_it.h_save
2025-10-23 22:31:43,596 [INFO] CodeEngine:289 - Generated code: C:\Users\DELL_KM\Desktop\LoRa_RTC\Code\LoRa_RTC\Core\Inc\stm32wlxx_it.h
2025-10-23 22:31:43,644 [INFO] CodeEngine:265 - oldGeneratedFile, C:\Users\DELL_KM\Desktop\LoRa_RTC\Code\LoRa_RTC\Core\Src\stm32wlxx_hal_msp.c_save
2025-10-23 22:31:43,786 [INFO] CodeEngine:289 - Generated code: C:\Users\DELL_KM\Desktop\LoRa_RTC\Code\LoRa_RTC\Core\Src\stm32wlxx_hal_msp.c
2025-10-23 22:31:43,795 [INFO] CodeEngine:265 - oldGeneratedFile, C:\Users\DELL_KM\Desktop\LoRa_RTC\Code\LoRa_RTC\MXTmpFiles\system.tmp_save
2025-10-23 22:31:43,877 [INFO] CodeEngine:289 - Generated code: C:\Users\DELL_KM\Desktop\LoRa_RTC\Code\LoRa_RTC\MXTmpFiles\system.tmp
2025-10-23 22:31:43,896 [INFO] CodeEngine:321 - oldGeneratedFile, C:\Users\DELL_KM\Desktop\LoRa_RTC\Code\LoRa_RTC\Core\Inc\stm32wlxx_hal_conf.h_save
2025-10-23 22:31:43,991 [INFO] CodeEngine:345 - Generated code: C:\Users\DELL_KM\Desktop\LoRa_RTC\Code\LoRa_RTC\Core\Inc\stm32wlxx_hal_conf.h
2025-10-23 22:31:44,009 [WARN] IPConfigManager:3811 - IP not found : TIM
2025-10-23 22:31:44,010 [WARN] CodeGenerator:4259 - IP not found : null
2025-10-23 22:31:44,023 [INFO] CodeEngine:265 - oldGeneratedFile, C:\Users\DELL_KM\Desktop\LoRa_RTC\Code\LoRa_RTC\Core\Inc\main.h_save
2025-10-23 22:31:44,119 [INFO] CodeEngine:289 - Generated code: C:\Users\DELL_KM\Desktop\LoRa_RTC\Code\LoRa_RTC\Core\Inc\main.h
2025-10-23 22:31:44,130 [INFO] CodeEngine:265 - oldGeneratedFile, C:\Users\DELL_KM\Desktop\LoRa_RTC\Code\LoRa_RTC\Core\Src\main.c_save
2025-10-23 22:31:44,310 [INFO] CodeEngine:289 - Generated code: C:\Users\DELL_KM\Desktop\LoRa_RTC\Code\LoRa_RTC\Core\Src\main.c
2025-10-23 22:31:45,168 [INFO] ProjectBuilder:3606 - Time for Copy HAL[1] : 397mS.
2025-10-23 22:31:45,182 [INFO] ProjectBuilder:5216 - Project Generator version: 4.7.0-B52
2025-10-23 22:31:45,330 [INFO] ConfigFileManager:1595 - The Die is : DIE497
2025-10-23 22:31:46,872 [INFO] ProjectBuilder:5496 - Time for Generating toolchain IDE Files: 1689mS.
2025-10-23 22:31:46,873 [INFO] ProjectBuilder:3463 - Time for Copy CMSIS : 1mS.
2025-10-23 22:31:46,882 [INFO] ProjectBuilder:3463 - Time for Copy CMSIS : 0mS.
