2025-10-17 19:36:51,730 [INFO] Activator:176 - 


2025-10-17 19:36:51,740 [INFO] Activator:177 - !SESSION log4j initialized
2025-10-17 19:36:59,639 [INFO] LogOutputStream:77 - [STDOUT_REDIRECT] 
2025-10-17 19:37:01,322 [INFO] ApplicationProperties:184 - Using Application install path: C:\ST\STM32CubeIDE_1.19.0\STM32CubeIDE\plugins\com.st.stm32cube.common.mx_6.15.0.202507011659
2025-10-17 19:37:01,349 [INFO] DbMcusXml:78 - Set database path to: C:\ST\STM32CubeIDE_1.19.0\STM32CubeIDE\plugins\com.st.stm32cube.common.mx_6.15.0.202507011659\\db\/mcu/
2025-10-17 19:37:01,349 [INFO] ApiDb:274 - Set plugin database path to: C:\ST\STM32CubeIDE_1.19.0\STM32CubeIDE\plugins\com.st.stm32cube.common.mx_6.15.0.202507011659\\db\/plugins/boardmanager/
2025-10-17 19:37:01,349 [WARN] ApiDb:259 - Overriding images path with different value:  => C:\ST\STM32CubeIDE_1.19.0\STM32CubeIDE\plugins\com.st.stm32cube.common.mx_6.15.0.202507011659\\db\/plugins/mcufinder/images/
2025-10-17 19:37:01,362 [INFO] ApiDb:250 - Set database path to: C:\Users\DELL_KM\.stmcufinder\plugins\mcufinder//mcu/
2025-10-17 19:37:01,364 [INFO] DbMcusAds:125 - Set database path to: C:\Users\DELL_KM\.stmcufinder\plugins\mcufinder//mcu/
2025-10-17 19:37:01,367 [INFO] CrossReferenceDbSqlite:203 - Set database path to: C:\Users\DELL_KM\.stmcufinder\plugins\mcufinder//mcu/cs/
2025-10-17 19:37:01,534 [INFO] RulesReader:64 - Compatibility file has been processed (317 Rules)
2025-10-17 19:37:01,661 [INFO] DbMcusXml:78 - Set database path to: C:\ST\STM32CubeIDE_1.19.0\STM32CubeIDE\plugins\com.st.stm32cube.common.mx_6.15.0.202507011659\\db\/mcu/
2025-10-17 19:37:01,661 [INFO] ApiDb:274 - Set plugin database path to: C:\ST\STM32CubeIDE_1.19.0\STM32CubeIDE\plugins\com.st.stm32cube.common.mx_6.15.0.202507011659\\db\/plugins/boardmanager/
2025-10-17 19:37:01,662 [INFO] ApiDb:261 - Set plugin images path to: C:\ST\STM32CubeIDE_1.19.0\STM32CubeIDE\plugins\com.st.stm32cube.common.mx_6.15.0.202507011659\\db\/plugins/mcufinder/images/
2025-10-17 19:37:01,662 [WARN] DbFile:41 - Overriding database path with different value: C:\Users\DELL_KM\.stmcufinder\plugins\mcufinder/ => C:\Users\DELL_KM\.stmcufinder\plugins\mcufinder
2025-10-17 19:37:01,662 [INFO] ApiDb:250 - Set database path to: C:\Users\DELL_KM\.stmcufinder\plugins\mcufinder//mcu/
2025-10-17 19:37:01,662 [WARN] DbFile:41 - Overriding database path with different value: C:\Users\DELL_KM\.stmcufinder\plugins\mcufinder/ => C:\Users\DELL_KM\.stmcufinder\plugins\mcufinder
2025-10-17 19:37:01,662 [INFO] DbMcusAds:125 - Set database path to: C:\Users\DELL_KM\.stmcufinder\plugins\mcufinder//mcu/
2025-10-17 19:37:01,662 [WARN] DbFile:41 - Overriding database path with different value: C:\Users\DELL_KM\.stmcufinder\plugins\mcufinder/ => C:\Users\DELL_KM\.stmcufinder\plugins\mcufinder
2025-10-17 19:37:01,663 [WARN] DbFile:41 - Overriding database path with different value: C:\Users\DELL_KM\.stmcufinder\plugins\mcufinder/ => C:\Users\DELL_KM\.stmcufinder\plugins\mcufinder
2025-10-17 19:37:01,663 [INFO] CrossReferenceDbSqlite:203 - Set database path to: C:\Users\DELL_KM\.stmcufinder\plugins\mcufinder//mcu/cs/
2025-10-17 19:37:01,780 [INFO] MainPanel:274 - HeapMemory: 268435456
2025-10-17 19:37:01,939 [INFO] DbMcusXml:78 - Set database path to: C:\ST\STM32CubeIDE_1.19.0\STM32CubeIDE\plugins\com.st.stm32cube.common.mx_6.15.0.202507011659\\db\/mcu/
2025-10-17 19:37:01,939 [INFO] ApiDb:274 - Set plugin database path to: C:\ST\STM32CubeIDE_1.19.0\STM32CubeIDE\plugins\com.st.stm32cube.common.mx_6.15.0.202507011659\\db\/plugins/boardmanager/
2025-10-17 19:37:01,940 [INFO] ApiDb:261 - Set plugin images path to: C:\ST\STM32CubeIDE_1.19.0\STM32CubeIDE\plugins\com.st.stm32cube.common.mx_6.15.0.202507011659\\db\/plugins/mcufinder/images/
2025-10-17 19:37:01,940 [WARN] DbFile:41 - Overriding database path with different value: C:\Users\DELL_KM\.stmcufinder\plugins\mcufinder/ => C:\Users\DELL_KM\.stmcufinder\plugins\mcufinder
2025-10-17 19:37:01,940 [INFO] ApiDb:250 - Set database path to: C:\Users\DELL_KM\.stmcufinder\plugins\mcufinder//mcu/
2025-10-17 19:37:01,941 [WARN] DbFile:41 - Overriding database path with different value: C:\Users\DELL_KM\.stmcufinder\plugins\mcufinder/ => C:\Users\DELL_KM\.stmcufinder\plugins\mcufinder
2025-10-17 19:37:01,941 [INFO] DbMcusAds:125 - Set database path to: C:\Users\DELL_KM\.stmcufinder\plugins\mcufinder//mcu/
2025-10-17 19:37:01,941 [WARN] DbFile:41 - Overriding database path with different value: C:\Users\DELL_KM\.stmcufinder\plugins\mcufinder/ => C:\Users\DELL_KM\.stmcufinder\plugins\mcufinder
2025-10-17 19:37:01,941 [WARN] DbFile:41 - Overriding database path with different value: C:\Users\DELL_KM\.stmcufinder\plugins\mcufinder/ => C:\Users\DELL_KM\.stmcufinder\plugins\mcufinder
2025-10-17 19:37:01,941 [INFO] CrossReferenceDbSqlite:203 - Set database path to: C:\Users\DELL_KM\.stmcufinder\plugins\mcufinder//mcu/cs/
2025-10-17 19:37:01,966 [INFO] ApplicationProperties:184 - Using Application install path: C:\ST\STM32CubeIDE_1.19.0\STM32CubeIDE\plugins\com.st.stm32cube.common.mx_6.15.0.202507011659
2025-10-17 19:37:01,968 [INFO] PluginManage:196 - Search for loadable plugins [exclusion list=, ]
2025-10-17 19:37:01,969 [INFO] PluginManage:310 - Check plugin analytics
2025-10-17 19:37:02,299 [INFO] AnalyticsPlugin:253 - Accepted Software Licenses: 
2025-10-17 19:37:02,300 [INFO] AnalyticsPlugin:255 - Accepted CMSIS Pack Licenses: 
2025-10-17 19:37:02,300 [INFO] AnalyticsPlugin:257 - Accepted Firmware Licenses: FW.WB.1.23.0,FW.WL.1.3.0
2025-10-17 19:37:02,303 [INFO] PluginManage:359 - Loaded plugin analytics (category:tool,tabindex:-1)
2025-10-17 19:37:02,305 [INFO] PluginManage:310 - Check plugin cadmodel
2025-10-17 19:37:02,312 [INFO] CADModel:105 - Init CAD model plugin
2025-10-17 19:37:02,313 [INFO] PluginManage:359 - Loaded plugin cadmodel (category:power,tabindex:5)
2025-10-17 19:37:02,313 [INFO] PluginManage:310 - Check plugin clock
2025-10-17 19:37:02,326 [INFO] PluginManage:359 - Loaded plugin clock (category:base,tabindex:2)
2025-10-17 19:37:02,326 [INFO] PluginManage:310 - Check plugin ddr
2025-10-17 19:37:02,330 [INFO] PluginManage:359 - Loaded plugin ddr (category:tool,tabindex:6)
2025-10-17 19:37:02,330 [INFO] PluginManage:310 - Check plugin filemanager
2025-10-17 19:37:02,545 [INFO] PluginManage:359 - Loaded plugin filemanager (category:base,tabindex:10)
2025-10-17 19:37:02,547 [INFO] PluginManage:310 - Check plugin ipmanager
2025-10-17 19:37:02,556 [INFO] PluginManage:359 - Loaded plugin ipmanager (category:base,tabindex:5)
2025-10-17 19:37:02,556 [INFO] PluginManage:310 - Check plugin lpbam
2025-10-17 19:37:02,566 [INFO] PluginManage:359 - Loaded plugin lpbam (category:base,tabindex:0)
2025-10-17 19:37:02,567 [INFO] PluginManage:310 - Check plugin memorymap
2025-10-17 19:37:02,587 [INFO] PluginManage:359 - Loaded plugin memorymap (category:base,tabindex:4)
2025-10-17 19:37:02,587 [INFO] PluginManage:310 - Check plugin pinoutandconfiguration
2025-10-17 19:37:02,599 [INFO] PluginManage:359 - Loaded plugin pinoutandconfiguration (category:base,tabindex:1)
2025-10-17 19:37:02,599 [INFO] PluginManage:310 - Check plugin pinoutconfig
2025-10-17 19:37:02,727 [WARN] SupportedApi:132 - Cannot load RTOS API schema: s4s-elt-must-match.1: The content of 'definitions' must match (annotation?, (simpleType | complexType)?, (unique | key | keyref)*)). A problem was found starting at: attribute.
2025-10-17 19:37:02,921 [INFO] PluginManage:359 - Loaded plugin pinoutconfig (category:base,tabindex:0)
2025-10-17 19:37:02,921 [INFO] PluginManage:310 - Check plugin power
2025-10-17 19:37:02,934 [INFO] PluginManage:359 - Loaded plugin power (category:power,tabindex:4)
2025-10-17 19:37:02,934 [INFO] PluginManage:310 - Check plugin projectmanager
2025-10-17 19:37:02,955 [INFO] PluginManage:359 - Loaded plugin projectmanager (category:projectmanager,tabindex:4)
2025-10-17 19:37:02,955 [INFO] PluginManage:310 - Check plugin rif
2025-10-17 19:37:02,966 [INFO] PluginManage:359 - Loaded plugin rif (category:base,tabindex:3)
2025-10-17 19:37:02,967 [INFO] PluginManage:310 - Check plugin thirdparty
2025-10-17 19:37:03,164 [INFO] PluginManage:359 - Loaded plugin thirdparty (category:base,tabindex:-1)
2025-10-17 19:37:03,164 [WARN] IntegrityCheckThread:84 - waiting for thirdparty lock release [integrity check]
2025-10-17 19:37:03,165 [INFO] PluginManage:310 - Check plugin tools
2025-10-17 19:37:03,165 [INFO] IntegrityCheckThread:86 - entering critical section [integrity check]
2025-10-17 19:37:03,165 [INFO] ThirdPartyUpdaterWithRetryManager:70 - Updater plugin not ready yet. [1/15]
2025-10-17 19:37:03,168 [INFO] PluginManage:359 - Loaded plugin tools (category:base,tabindex:7)
2025-10-17 19:37:03,168 [INFO] PluginManage:310 - Check plugin tutovideos
2025-10-17 19:37:03,471 [INFO] PluginManage:359 - Loaded plugin tutovideos (category:base,tabindex:-1)
2025-10-17 19:37:03,471 [INFO] PluginManage:310 - Check plugin updater
2025-10-17 19:37:03,501 [INFO] PluginManage:359 - Loaded plugin updater (category:base,tabindex:12)
2025-10-17 19:37:03,501 [INFO] PluginManage:310 - Check plugin userauth
2025-10-17 19:37:03,508 [INFO] UserAuth:118 - Init User Auth plugin
2025-10-17 19:37:03,511 [INFO] PluginManage:359 - Loaded plugin userauth (category:base,tabindex:14)
2025-10-17 19:37:03,511 [INFO] PluginManage:283 - PluginManage : Loaded plugins [18]
2025-10-17 19:37:03,804 [INFO] PinOutPanel:1589 - setPackage(No Configuration,No Configuration)
2025-10-17 19:37:03,917 [INFO] CADModel:165 - CPN selected for project level
2025-10-17 19:37:03,919 [INFO] CADModel:114 - Register for checkConnection events
2025-10-17 19:37:03,943 [INFO] IPUIPlugin:80 - create IPUIPlugin
2025-10-17 19:37:03,943 [INFO] PluginManager:220 - loadIPPluginJar : add adc
2025-10-17 19:37:03,947 [INFO] IPUIPlugin:80 - create IPUIPlugin
2025-10-17 19:37:03,947 [INFO] PluginManager:220 - loadIPPluginJar : add aes
2025-10-17 19:37:03,951 [INFO] IPUIPlugin:80 - create IPUIPlugin
2025-10-17 19:37:03,952 [INFO] PluginManager:220 - loadIPPluginJar : add can
2025-10-17 19:37:03,954 [INFO] IPUIPlugin:80 - create IPUIPlugin
2025-10-17 19:37:03,954 [INFO] PluginManager:220 - loadIPPluginJar : add comp
2025-10-17 19:37:03,957 [INFO] IPUIPlugin:80 - create IPUIPlugin
2025-10-17 19:37:03,957 [INFO] PluginManager:220 - loadIPPluginJar : add cryp
2025-10-17 19:37:03,962 [INFO] IPUIPlugin:80 - create IPUIPlugin
2025-10-17 19:37:03,962 [INFO] PluginManager:220 - loadIPPluginJar : add ddr_ctrl_phy
2025-10-17 19:37:03,966 [INFO] IPUIPlugin:80 - create IPUIPlugin
2025-10-17 19:37:03,967 [INFO] PluginManager:220 - loadIPPluginJar : add dfsdm
2025-10-17 19:37:03,973 [INFO] IPUIPlugin:80 - create IPUIPlugin
2025-10-17 19:37:03,974 [INFO] PluginManager:220 - loadIPPluginJar : add dma
2025-10-17 19:37:03,978 [INFO] IPUIPlugin:80 - create IPUIPlugin
2025-10-17 19:37:03,978 [INFO] PluginManager:220 - loadIPPluginJar : add dma3
2025-10-17 19:37:03,982 [INFO] IPUIPlugin:80 - create IPUIPlugin
2025-10-17 19:37:03,982 [INFO] PluginManager:220 - loadIPPluginJar : add extmemmanager
2025-10-17 19:37:03,985 [INFO] IPUIPlugin:80 - create IPUIPlugin
2025-10-17 19:37:03,985 [INFO] PluginManager:220 - loadIPPluginJar : add fatfs
2025-10-17 19:37:03,991 [INFO] IPUIPlugin:80 - create IPUIPlugin
2025-10-17 19:37:03,991 [INFO] PluginManager:220 - loadIPPluginJar : add fmc
2025-10-17 19:37:04,000 [INFO] IPUIPlugin:80 - create IPUIPlugin
2025-10-17 19:37:04,001 [INFO] PluginManager:220 - loadIPPluginJar : add freertos
2025-10-17 19:37:04,002 [INFO] IPUIPlugin:80 - create IPUIPlugin
2025-10-17 19:37:04,002 [INFO] PluginManager:220 - loadIPPluginJar : add genericplugin
2025-10-17 19:37:04,006 [INFO] IPUIPlugin:80 - create IPUIPlugin
2025-10-17 19:37:04,007 [INFO] PluginManager:220 - loadIPPluginJar : add gfxmmu
2025-10-17 19:37:04,013 [INFO] IPUIPlugin:80 - create IPUIPlugin
2025-10-17 19:37:04,014 [INFO] PluginManager:220 - loadIPPluginJar : add gic
2025-10-17 19:37:04,022 [INFO] IPUIPlugin:80 - create IPUIPlugin
2025-10-17 19:37:04,022 [INFO] PluginManager:220 - loadIPPluginJar : add gpio
2025-10-17 19:37:04,027 [INFO] IPUIPlugin:80 - create IPUIPlugin
2025-10-17 19:37:04,028 [INFO] PluginManager:220 - loadIPPluginJar : add gtzc
2025-10-17 19:37:04,032 [INFO] IPUIPlugin:80 - create IPUIPlugin
2025-10-17 19:37:04,033 [INFO] PluginManager:220 - loadIPPluginJar : add hash
2025-10-17 19:37:04,038 [INFO] IPUIPlugin:80 - create IPUIPlugin
2025-10-17 19:37:04,039 [INFO] PluginManager:220 - loadIPPluginJar : add i2c
2025-10-17 19:37:04,043 [INFO] IPUIPlugin:80 - create IPUIPlugin
2025-10-17 19:37:04,043 [INFO] PluginManager:220 - loadIPPluginJar : add i2s
2025-10-17 19:37:04,048 [INFO] IPUIPlugin:80 - create IPUIPlugin
2025-10-17 19:37:04,049 [INFO] PluginManager:220 - loadIPPluginJar : add i3c
2025-10-17 19:37:04,055 [INFO] IPUIPlugin:80 - create IPUIPlugin
2025-10-17 19:37:04,055 [INFO] PluginManager:220 - loadIPPluginJar : add ipddr
2025-10-17 19:37:04,067 [INFO] IPUIPlugin:80 - create IPUIPlugin
2025-10-17 19:37:04,067 [INFO] PluginManager:220 - loadIPPluginJar : add linkedlist
2025-10-17 19:37:04,074 [INFO] IPUIPlugin:80 - create IPUIPlugin
2025-10-17 19:37:04,074 [INFO] PluginManager:220 - loadIPPluginJar : add lorawan
2025-10-17 19:37:04,077 [INFO] IPUIPlugin:80 - create IPUIPlugin
2025-10-17 19:37:04,077 [INFO] PluginManager:220 - loadIPPluginJar : add ltdc
2025-10-17 19:37:04,086 [INFO] IPUIPlugin:80 - create IPUIPlugin
2025-10-17 19:37:04,087 [INFO] PluginManager:220 - loadIPPluginJar : add mdma
2025-10-17 19:37:04,091 [INFO] IPUIPlugin:80 - create IPUIPlugin
2025-10-17 19:37:04,092 [INFO] PluginManager:220 - loadIPPluginJar : add nvic
2025-10-17 19:37:04,098 [INFO] IPUIPlugin:80 - create IPUIPlugin
2025-10-17 19:37:04,098 [INFO] PluginManager:220 - loadIPPluginJar : add opamp
2025-10-17 19:37:04,104 [INFO] IPUIPlugin:80 - create IPUIPlugin
2025-10-17 19:37:04,104 [INFO] PluginManager:220 - loadIPPluginJar : add openamp
2025-10-17 19:37:04,109 [INFO] IPUIPlugin:80 - create IPUIPlugin
2025-10-17 19:37:04,109 [INFO] PluginManager:220 - loadIPPluginJar : add pdm2pcm
2025-10-17 19:37:04,117 [INFO] IPUIPlugin:80 - create IPUIPlugin
2025-10-17 19:37:04,120 [INFO] PluginManager:220 - loadIPPluginJar : add plateformsettings
2025-10-17 19:37:04,124 [INFO] IPUIPlugin:80 - create IPUIPlugin
2025-10-17 19:37:04,124 [INFO] PluginManager:220 - loadIPPluginJar : add quadspi
2025-10-17 19:37:04,127 [INFO] IPUIPlugin:80 - create IPUIPlugin
2025-10-17 19:37:04,128 [INFO] PluginManager:220 - loadIPPluginJar : add radio
2025-10-17 19:37:04,134 [INFO] IPUIPlugin:80 - create IPUIPlugin
2025-10-17 19:37:04,134 [INFO] PluginManager:220 - loadIPPluginJar : add resmgrutility
2025-10-17 19:37:04,138 [INFO] IPUIPlugin:80 - create IPUIPlugin
2025-10-17 19:37:04,139 [INFO] PluginManager:220 - loadIPPluginJar : add sai
2025-10-17 19:37:04,144 [INFO] IPUIPlugin:80 - create IPUIPlugin
2025-10-17 19:37:04,144 [INFO] PluginManager:220 - loadIPPluginJar : add spi
2025-10-17 19:37:04,153 [INFO] IPUIPlugin:80 - create IPUIPlugin
2025-10-17 19:37:04,153 [INFO] PluginManager:220 - loadIPPluginJar : add stm32_wpan
2025-10-17 19:37:04,155 [INFO] IPUIPlugin:80 - create IPUIPlugin
2025-10-17 19:37:04,155 [INFO] PluginManager:220 - loadIPPluginJar : add tim
2025-10-17 19:37:04,162 [INFO] IPUIPlugin:80 - create IPUIPlugin
2025-10-17 19:37:04,162 [INFO] PluginManager:220 - loadIPPluginJar : add touchsensing
2025-10-17 19:37:04,167 [INFO] IPUIPlugin:80 - create IPUIPlugin
2025-10-17 19:37:04,167 [INFO] PluginManager:220 - loadIPPluginJar : add tracer_emb
2025-10-17 19:37:04,171 [INFO] IPUIPlugin:80 - create IPUIPlugin
2025-10-17 19:37:04,171 [INFO] PluginManager:220 - loadIPPluginJar : add ts
2025-10-17 19:37:04,174 [INFO] IPUIPlugin:80 - create IPUIPlugin
2025-10-17 19:37:04,174 [INFO] PluginManager:220 - loadIPPluginJar : add tsc
2025-10-17 19:37:04,179 [INFO] IPUIPlugin:80 - create IPUIPlugin
2025-10-17 19:37:04,179 [INFO] PluginManager:220 - loadIPPluginJar : add ucpd
2025-10-17 19:37:04,184 [INFO] IPUIPlugin:80 - create IPUIPlugin
2025-10-17 19:37:04,185 [INFO] PluginManager:220 - loadIPPluginJar : add usart
2025-10-17 19:37:04,190 [INFO] IPUIPlugin:80 - create IPUIPlugin
2025-10-17 19:37:04,191 [INFO] PluginManager:220 - loadIPPluginJar : add usbx
2025-10-17 19:37:04,348 [FATAL] Updater:351 - Updater called before beeing initialized
2025-10-17 19:37:04,388 [INFO] RulesReader:64 - Compatibility file has been processed (317 Rules)
2025-10-17 19:37:04,404 [INFO] RulesReader:64 - Compatibility file has been processed (317 Rules)
2025-10-17 19:37:04,414 [INFO] CADModel:165 - CPN selected for project level
2025-10-17 19:37:04,415 [INFO] CADModel:114 - Register for checkConnection events
2025-10-17 19:37:04,415 [FATAL] Updater:351 - Updater called before beeing initialized
2025-10-17 19:37:04,415 [ERROR] CADModel:125 - Updater not yet initialized, retry later 
2025-10-17 19:37:04,626 [FATAL] Updater:351 - Updater called before beeing initialized
2025-10-17 19:37:04,628 [INFO] CADModel:165 - CPN selected for project level
2025-10-17 19:37:04,629 [INFO] CADModel:114 - Register for checkConnection events
2025-10-17 19:37:04,629 [FATAL] Updater:351 - Updater called before beeing initialized
2025-10-17 19:37:04,629 [ERROR] CADModel:125 - Updater not yet initialized, retry later 
2025-10-17 19:37:04,633 [FATAL] Updater:351 - Updater called before beeing initialized
2025-10-17 19:37:04,780 [FATAL] Updater:351 - Updater called before beeing initialized
2025-10-17 19:37:04,785 [INFO] DbMcusAds:53 - JSON generation date=Thu Oct 02 11:36:05 CEST 2025 (1759397765645)
2025-10-17 19:37:04,785 [FATAL] Updater:351 - Updater called before beeing initialized
2025-10-17 19:37:04,845 [WARN] DetailPanel:346 - Failed to get advertising image, set to default
2025-10-17 19:37:04,974 [FATAL] Updater:351 - Updater called before beeing initialized
2025-10-17 19:37:04,976 [FATAL] Updater:351 - Updater called before beeing initialized
2025-10-17 19:37:04,976 [FATAL] Updater:351 - Updater called before beeing initialized
2025-10-17 19:37:04,976 [WARN] DetailPanel:346 - Failed to get advertising image, set to default
2025-10-17 19:37:04,977 [FATAL] Updater:351 - Updater called before beeing initialized
2025-10-17 19:37:05,044 [ERROR] Updater:1198 - MainUpdater not yet initialized. External WinMGr cannot be set.
2025-10-17 19:37:05,049 [INFO] Updater:1134 - Updater Version found : 6.15.0
2025-10-17 19:37:05,077 [INFO] ApplicationProperties:184 - Using Application install path: C:\ST\STM32CubeIDE_1.19.0\STM32CubeIDE\plugins\com.st.stm32cube.common.mx_6.15.0.202507011659
2025-10-17 19:37:06,167 [INFO] ThirdPartyUpdaterWithRetryManager:70 - Updater plugin not ready yet. [2/15]
2025-10-17 19:37:06,661 [ERROR] LogOutputStream:75 - [STDERR_REDIRECT] Oct 17, 2025 7:37:06 PM java.util.prefs.WindowsPreferences <init>
2025-10-17 19:37:06,665 [ERROR] LogOutputStream:75 - [STDERR_REDIRECT] WARNING: Could not open/create prefs root node Software\JavaSoft\Prefs at root 0xffffffff80000002. Windows RegCreateKeyEx(...) returned error code 5.
2025-10-17 19:37:06,665 [ERROR] LogOutputStream:75 - [STDERR_REDIRECT] 
2025-10-17 19:37:07,078 [INFO] MainUpdater:2872 - connection check result : 10
2025-10-17 19:37:07,079 [INFO] MainUpdater:289 - Updater Check For Update Now.
2025-10-17 19:37:07,079 [INFO] MicroXplorer:498 - Change Database Version : DB.6.0.150
2025-10-17 19:37:07,088 [INFO] McuFinderGlobals:63 - Set McuFinder mode to 2 (CubeIDE integrated)
2025-10-17 19:37:07,088 [INFO] UserAuth:487 - Internet connection configuration mode: 1
2025-10-17 19:37:07,121 [INFO] JxBrowserEngine:152 - Initiate JxBrowser Engine with user profile folder
2025-10-17 19:37:07,293 [INFO] CheckServerUpdateThread:120 - End of CheckServer Thread
2025-10-17 19:37:09,663 [INFO] WebApp:169 - Instantiating new browser for Auth
2025-10-17 19:37:09,740 [WARN] PackLoader:240 - Cannot read IP mode file for STMicroelectronics.FP-SNS-MOTENVWB1.1.4.0
2025-10-17 19:37:09,758 [WARN] PackLoader:240 - Cannot read IP mode file for STMicroelectronics.FP-ATR-ASTRA1.2.0.2
2025-10-17 19:37:09,774 [WARN] PackLoader:240 - Cannot read IP mode file for STMicroelectronics.X-CUBE-SMBUS.2.1.0
2025-10-17 19:37:09,783 [WARN] PackLoader:240 - Cannot read IP mode file for STMicroelectronics.X-CUBE-ST60.1.0.0
2025-10-17 19:37:09,844 [WARN] PackLoader:240 - Cannot read IP mode file for STMicroelectronics.X-CUBE-AZRTOS-F7.1.1.0
2025-10-17 19:37:09,862 [WARN] PackLoader:240 - Cannot read IP mode file for Cesanta.I-CUBE-Mongoose.7.19.0
2025-10-17 19:37:09,875 [WARN] PackLoader:240 - Cannot read IP mode file for WES.I-CUBE-Cesium.1.4.0
2025-10-17 19:37:09,915 [WARN] PackLoader:240 - Cannot read IP mode file for Infineon.AIROC-Wi-Fi-Bluetooth-STM32.1.7.1
2025-10-17 19:37:09,963 [WARN] PackLoader:240 - Cannot read IP mode file for STMicroelectronics.X-CUBE-AZRTOS-H7.3.4.0
2025-10-17 19:37:09,980 [WARN] PackLoader:240 - Cannot read IP mode file for STMicroelectronics.X-CUBE-DISPLAY.3.0.0
2025-10-17 19:37:09,999 [WARN] PackLoader:240 - Cannot read IP mode file for STMicroelectronics.X-CUBE-NFC10.1.0.0
2025-10-17 19:37:10,010 [WARN] PackLoader:240 - Cannot read IP mode file for emotas.I-CUBE-CANOPEN.1.3.0
2025-10-17 19:37:10,024 [WARN] PackLoader:240 - Cannot read IP mode file for STMicroelectronics.FP-SNS-STBOX1.2.1.0
2025-10-17 19:37:10,033 [WARN] PackLoader:240 - Cannot read IP mode file for STMicroelectronics.FP-SNS-SMARTAG2.1.2.0
2025-10-17 19:37:10,056 [WARN] PackLoader:240 - Cannot read IP mode file for STMicroelectronics.FP-SNS-FLIGHT1.5.1.0
2025-10-17 19:37:10,076 [INFO] LogOutputStream:77 - [STDOUT_REDIRECT] 1 : Invalid condition id : UX_CORESTACK_Condition cause : null
2025-10-17 19:37:10,077 [INFO] LogOutputStream:77 - [STDOUT_REDIRECT] 1 : Invalid condition id : UX_CORESTACK_Condition cause : null
2025-10-17 19:37:10,081 [INFO] LogOutputStream:77 - [STDOUT_REDIRECT] 1 : Invalid condition id : UX_CORESTACK_Condition cause : null
2025-10-17 19:37:10,084 [INFO] LogOutputStream:77 - [STDOUT_REDIRECT] 1 : Invalid condition id : UX_CORESTACK_Condition cause : null
2025-10-17 19:37:10,086 [INFO] LogOutputStream:77 - [STDOUT_REDIRECT] 1 : Invalid condition id : UX_CORESTACK_Condition cause : null
2025-10-17 19:37:10,092 [WARN] PackLoader:240 - Cannot read IP mode file for STMicroelectronics.X-CUBE-AZRTOS-WL.2.0.0
2025-10-17 19:37:10,101 [WARN] PackLoader:240 - Cannot read IP mode file for STMicroelectronics.FP-SNS-MOTENV1.5.0.0
2025-10-17 19:37:10,112 [WARN] PackLoader:240 - Cannot read IP mode file for STMicroelectronics.X-CUBE-BLE2.3.3.0
2025-10-17 19:37:10,123 [WARN] PackLoader:240 - Cannot read IP mode file for STMicroelectronics.X-CUBE-NFC9.1.0.0
2025-10-17 19:37:10,136 [WARN] PackLoader:240 - Cannot read IP mode file for wolfSSL.I-CUBE-wolfSSL.5.8.2
2025-10-17 19:37:10,146 [WARN] PackLoader:240 - Cannot read IP mode file for STMicroelectronics.X-CUBE-BLE1.7.1.0
2025-10-17 19:37:10,152 [WARN] PackLoader:240 - Cannot read IP mode file for wolfSSL.I-CUBE-wolfMQTT.1.19.2
2025-10-17 19:37:10,160 [WARN] PackLoader:240 - Cannot read IP mode file for STMicroelectronics.X-CUBE-EEPRMA1.5.2.0
2025-10-17 19:37:10,172 [WARN] PackLoader:240 - Cannot read IP mode file for STMicroelectronics.X-CUBE-ST67W61.1.1.0
2025-10-17 19:37:10,203 [WARN] PackLoader:240 - Cannot read IP mode file for STMicroelectronics.X-CUBE-AZRTOS-G0.1.1.0
2025-10-17 19:37:10,215 [WARN] PackLoader:240 - Cannot read IP mode file for STMicroelectronics.X-CUBE-SAFEA1.1.2.2
2025-10-17 19:37:10,223 [WARN] PackLoader:240 - Cannot read IP mode file for STMicroelectronics.X-CUBE-NFC4.3.0.0
2025-10-17 19:37:10,236 [WARN] PackLoader:240 - Cannot read IP mode file for EmbeddedOffice.I-CUBE-FS-RTOS.1.0.1
2025-10-17 19:37:10,244 [WARN] PackLoader:240 - Cannot read IP mode file for STMicroelectronics.X-CUBE-WB05N.2.0.0
2025-10-17 19:37:10,250 [WARN] PackLoader:240 - Cannot read IP mode file for wolfSSL.I-CUBE-wolfTPM.3.8.0
2025-10-17 19:37:10,258 [WARN] PackLoader:240 - Cannot read IP mode file for STMicroelectronics.X-CUBE-TCPP.4.2.0
2025-10-17 19:37:10,266 [WARN] PackLoader:240 - Cannot read IP mode file for RealThread.X-CUBE-RT-Thread_Nano.4.1.1
2025-10-17 19:37:10,273 [WARN] PackLoader:240 - Cannot read IP mode file for STMicroelectronics.FP-ATR-SIGFOX1.3.2.0
2025-10-17 19:37:10,281 [WARN] PackLoader:240 - Cannot read IP mode file for ITTIA_DB.I-CUBE-ITTIADB.8.9.0
2025-10-17 19:37:10,288 [WARN] PackLoader:240 - Cannot read IP mode file for STMicroelectronics.X-CUBE-ST67W61.1.0.0
2025-10-17 19:37:10,296 [WARN] PackLoader:240 - Cannot read IP mode file for STMicroelectronics.X-CUBE-AI.10.2.0
2025-10-17 19:37:10,334 [WARN] PackLoader:240 - Cannot read IP mode file for SEGGER.I-CUBE-embOS.1.3.1
2025-10-17 19:37:10,401 [WARN] PackLoader:240 - Cannot read IP mode file for STMicroelectronics.X-CUBE-ALGOBUILD.1.4.0
2025-10-17 19:37:10,510 [WARN] PackLoader:240 - Cannot read IP mode file for STMicroelectronics.X-CUBE-MEMS1.11.3.0
2025-10-17 19:37:10,834 [WARN] PackLoader:240 - Cannot read IP mode file for STMicroelectronics.X-CUBE-PM33A1.1.0.0
2025-10-17 19:37:10,854 [WARN] PackLoader:240 - Cannot read IP mode file for STMicroelectronics.X-CUBE-AZRTOS-F4.1.1.0
2025-10-17 19:37:10,862 [WARN] PackLoader:240 - Cannot read IP mode file for Avnet-IotConnect.X-CUBE-IoTC-DA16k-PMOD.1.0.0
2025-10-17 19:37:10,868 [WARN] PackLoader:240 - Cannot read IP mode file for STMicroelectronics.X-CUBE-ISPU.2.1.0
2025-10-17 19:37:10,893 [WARN] PackLoader:240 - Cannot read IP mode file for STMicroelectronics.X-CUBE-IPS.3.2.0
2025-10-17 19:37:10,918 [WARN] PackLoader:240 - Cannot read IP mode file for STMicroelectronics.X-CUBE-NFC12.1.0.0
2025-10-17 19:37:10,947 [WARN] PackLoader:240 - Cannot read IP mode file for STMicroelectronics.X-CUBE-AZRTOS-L5.2.0.0
2025-10-17 19:37:10,963 [WARN] PackLoader:240 - Cannot read IP mode file for STMicroelectronics.X-CUBE-NFC6.3.1.0
2025-10-17 19:37:10,979 [WARN] PackLoader:240 - Cannot read IP mode file for STMicroelectronics.X-CUBE-FREERTOS.1.3.1
2025-10-17 19:37:10,995 [WARN] PackLoader:240 - Cannot read IP mode file for STMicroelectronics.X-CUBE-TOUCHGFX.4.26.0
2025-10-17 19:37:11,005 [WARN] PackLoader:240 - Cannot read IP mode file for STMicroelectronics.FP-SNS-STAIOTCFT.1.0.0
2025-10-17 19:37:11,021 [WARN] PackLoader:240 - Cannot read IP mode file for STMicroelectronics.X-CUBE-DPower.1.3.0
2025-10-17 19:37:11,067 [WARN] ConditionMgr:438 - getConditionDescription Invalid condition id : LAN8742 Phy interface Condition cause : null
2025-10-17 19:37:11,068 [WARN] PackLoader:240 - Cannot read IP mode file for STMicroelectronics.X-CUBE-AZRTOS-L4.2.0.0
2025-10-17 19:37:11,071 [WARN] ConditionMgr:1044 - genDependencies : Invalid condition id : LAN8742 Phy interface Condition cause : null
2025-10-17 19:37:11,071 [WARN] ConditionMgr:1044 - genDependencies : Invalid condition id : LAN8742 Phy interface Condition cause : null
2025-10-17 19:37:11,072 [WARN] ConditionMgr:1044 - genDependencies : Invalid condition id : LAN8742 Phy interface Condition cause : null
2025-10-17 19:37:11,087 [WARN] PackLoader:240 - Cannot read IP mode file for STMicroelectronics.X-CUBE-SFXS2LP1.4.0.0
2025-10-17 19:37:11,109 [WARN] PackLoader:240 - Cannot read IP mode file for STMicroelectronics.X-CUBE-BLEMGR.4.1.0
2025-10-17 19:37:11,145 [WARN] ConditionMgr:438 - getConditionDescription Invalid condition id : UX DEVICE CLASS RTOS Condition cause : null
2025-10-17 19:37:11,146 [WARN] ConditionMgr:438 - getConditionDescription Invalid condition id : UX DEVICE CLASS RTOS Condition cause : null
2025-10-17 19:37:11,151 [WARN] PackLoader:240 - Cannot read IP mode file for STMicroelectronics.X-CUBE-AZRTOS-WB.2.0.0
2025-10-17 19:37:11,152 [WARN] ConditionMgr:1044 - genDependencies : Invalid condition id : UX DEVICE CLASS RTOS Condition cause : null
2025-10-17 19:37:11,152 [WARN] ConditionMgr:1044 - genDependencies : Invalid condition id : UX DEVICE CLASS RTOS Condition cause : null
2025-10-17 19:37:11,154 [WARN] ConditionMgr:1044 - genDependencies : Invalid condition id : UX DEVICE CLASS RTOS Condition cause : null
2025-10-17 19:37:11,154 [WARN] ConditionMgr:1044 - genDependencies : Invalid condition id : UX DEVICE CLASS RTOS Condition cause : null
2025-10-17 19:37:11,154 [WARN] ConditionMgr:1044 - genDependencies : Invalid condition id : UX DEVICE CLASS RTOS Condition cause : null
2025-10-17 19:37:11,167 [WARN] PackLoader:240 - Cannot read IP mode file for STMicroelectronics.X-CUBE-GNSS1.7.0.1
2025-10-17 19:37:11,174 [WARN] PackLoader:240 - Cannot read IP mode file for STMicroelectronics.X-CUBE-TOUCHGFX.4.25.0
2025-10-17 19:37:11,185 [WARN] ConditionMgr:438 - getConditionDescription Invalid condition id : Cortex-A Device cause : null
2025-10-17 19:37:11,211 [WARN] ConditionMgr:1044 - genDependencies : Invalid condition id : Cortex-A Device cause : null
2025-10-17 19:37:11,213 [WARN] ConditionMgr:1044 - genDependencies : Invalid condition id : Cortex-A Device cause : null
2025-10-17 19:37:11,213 [WARN] ConditionMgr:1044 - genDependencies : Invalid condition id : Cortex-A Device cause : null
2025-10-17 19:37:11,233 [WARN] PackLoader:240 - Cannot read IP mode file for STMicroelectronics.X-CUBE-SUBG2.5.0.0
2025-10-17 19:37:11,284 [WARN] PackLoader:240 - Cannot read IP mode file for STMicroelectronics.X-CUBE-AZRTOS-H7RS.1.1.0
2025-10-17 19:37:11,314 [WARN] PackLoader:240 - Cannot read IP mode file for STMicroelectronics.X-CUBE-AZRTOS-G4.2.0.0
2025-10-17 19:37:11,317 [INFO] WebApp:463 - Apply proxy settings
2025-10-17 19:37:11,318 [INFO] WebApp:548 - Chromium requires no authentication
2025-10-17 19:37:11,324 [WARN] PackLoader:240 - Cannot read IP mode file for wolfSSL.I-CUBE-wolfSSH.1.4.20
2025-10-17 19:37:11,333 [WARN] PackLoader:240 - Cannot read IP mode file for STMicroelectronics.X-CUBE-NFC7.2.0.0
2025-10-17 19:37:11,338 [INFO] WebApp:491 - Direct internet connection detected
2025-10-17 19:37:11,354 [WARN] PackLoader:240 - Cannot read IP mode file for STMicroelectronics.X-CUBE-IPS.3.1.0
2025-10-17 19:37:11,367 [WARN] PackLoader:240 - Cannot read IP mode file for STMicroelectronics.X-CUBE-ALS.1.0.2
2025-10-17 19:37:11,377 [WARN] PackLoader:240 - Cannot read IP mode file for STMicroelectronics.X-CUBE-STSE01.1.0.0
2025-10-17 19:37:11,382 [INFO] WebApp:900 - Register for checkConnection events
2025-10-17 19:37:11,382 [INFO] WebApp:463 - Apply proxy settings
2025-10-17 19:37:11,383 [INFO] WebApp:548 - Chromium requires no authentication
2025-10-17 19:37:11,384 [INFO] WebApp:491 - Direct internet connection detected
2025-10-17 19:37:11,395 [WARN] PackLoader:240 - Cannot read IP mode file for STMicroelectronics.X-CUBE-TOF1.3.4.3
2025-10-17 19:37:11,408 [INFO] ThirdParty:978 - Integrity check success = true
2025-10-17 19:37:11,408 [INFO] IntegrityCheckThread:100 - exiting critical section [integrity check]
2025-10-17 19:37:11,408 [INFO] IntegrityCheckThread:103 - End integrity checks thread
2025-10-17 19:37:11,641 [INFO] WebApp:191 - Connection restablished
2025-10-17 19:37:11,782 [INFO] WebApp:225 - Starting web application
2025-10-17 19:37:11,783 [INFO] WebApp:593 - Web application path used C:\ST\STM32CubeIDE_1.19.0\STM32CubeIDE\plugins\com.st.stm32cube.common.mx_6.15.0.202507011659\db\plugins\mcufinder\reactClient1\index.html
2025-10-17 19:37:12,166 [INFO] UserAuth:487 - Internet connection configuration mode: 1
2025-10-17 19:38:03,850 [ERROR] LogOutputStream:75 - [STDERR_REDIRECT] 
2025-10-17 19:38:03,852 [ERROR] LogOutputStream:75 - [STDERR_REDIRECT] 
